#
# There is insufficient memory for the Java Runtime Environment to continue.
# Native memory allocation (mmap) failed to map 54525952 bytes for Failed to commit area from 0x0000000711200000 to 0x0000000714600000 of length 54525952.
# Possible reasons:
#   The system is out of physical RAM or swap space
#   The process is running with CompressedOops enabled, and the Java Heap may be blocking the growth of the native heap
# Possible solutions:
#   Reduce memory load on the system
#   Increase physical memory or swap space
#   Check if swap backing store is full
#   Decrease Java heap size (-Xmx/-Xms)
#   Decrease number of Java threads
#   Decrease Java thread stack sizes (-Xss)
#   Set larger code cache with -XX:ReservedCodeCacheSize=
#   JVM is running with Zero Based Compressed Oops mode in which the Java heap is
#     placed in the first 32GB address space. The Java Heap base address is the
#     maximum limit for the native heap growth. Please use -XX:HeapBaseMinAddress
#     to set the Java Heap base and to place the Java Heap above 32GB virtual address.
# This output file may be truncated or incomplete.
#
#  Out of Memory Error (./src/hotspot/os/windows/os_windows.cpp:3301), pid=8572, tid=6164
#
# JRE version: OpenJDK Runtime Environment (11.0.11+9) (build 11.0.11+9-b60-7590822)
# Java VM: OpenJDK 64-Bit Server VM (11.0.11+9-b60-7590822, mixed mode, tiered, compressed oops, g1 gc, windows-amd64)
# No core dump will be written. Minidumps are not enabled by default on client versions of Windows
#

---------------  S U M M A R Y ------------

Command Line: org.jetbrains.kotlin.cli.jvm.K2JVMCompiler @D:\Project\Genie_clone\app\build\20220414_5856169726460975031.compiler.options

Host: Intel(R) Core(TM) i5-6500 CPU @ 3.20GHz, 4 cores, 15G,  Windows 10 , 64 bit Build 19041 (10.0.19041.1566)
Time: Thu Apr 14 04:14:09 2022 대한민국 표준시 elapsed time: 5.366683 seconds (0d 0h 0m 5s)

---------------  T H R E A D  ---------------

Current thread (0x0000023664095800):  VMThread "VM Thread" [stack: 0x0000005e39b00000,0x0000005e39c00000] [id=6164]

Stack: [0x0000005e39b00000,0x0000005e39c00000]
[error occurred during error reporting (printing stack bounds), id 0xc0000005, EXCEPTION_ACCESS_VIOLATION (0xc0000005) at pc=0x00000236483d0f2d]

Native frames: (J=compiled Java code, j=interpreted, Vv=VM code, C=native code)
V  [jvm.dll+0x5f214a]
V  [jvm.dll+0x726fb5]
V  [jvm.dll+0x7285cd]
V  [jvm.dll+0x728be5]
V  [jvm.dll+0x728b9b]
V  [jvm.dll+0x5f14e8]
V  [jvm.dll+0x5f1c78]
C  [ntdll.dll+0xa20cf]
C  [ntdll.dll+0x51454]
C  [ntdll.dll+0xa0bfe]
C  0x00000236483d0f2d

VM_Operation (0x0000005e395fc870): G1CollectForAllocation, mode: safepoint, requested by thread 0x00000236448c9000


---------------  P R O C E S S  ---------------

Threads class SMR info:
_java_thread_list=0x00000236642a2110, length=11, elements={
0x00000236448c9000, 0x0000023664098000, 0x00000236640bb800, 0x0000023664129800,
0x000002366412d000, 0x0000023664134000, 0x000002366413e800, 0x0000023664143800,
0x0000023664133800, 0x0000023664131000, 0x00000236642b8800
}

Java Threads: ( => current thread )
  0x00000236448c9000 JavaThread "main" [_thread_blocked, id=12160, stack(0x0000005e39500000,0x0000005e39600000)]
  0x0000023664098000 JavaThread "Reference Handler" daemon [_thread_blocked, id=6248, stack(0x0000005e39c00000,0x0000005e39d00000)]
  0x00000236640bb800 JavaThread "Finalizer" daemon [_thread_blocked, id=8844, stack(0x0000005e39d00000,0x0000005e39e00000)]
  0x0000023664129800 JavaThread "Signal Dispatcher" daemon [_thread_blocked, id=13484, stack(0x0000005e39e00000,0x0000005e39f00000)]
  0x000002366412d000 JavaThread "Attach Listener" daemon [_thread_blocked, id=11660, stack(0x0000005e39f00000,0x0000005e3a000000)]
  0x0000023664134000 JavaThread "Service Thread" daemon [_thread_blocked, id=1096, stack(0x0000005e3a000000,0x0000005e3a100000)]
  0x000002366413e800 JavaThread "C2 CompilerThread0" daemon [_thread_blocked, id=6240, stack(0x0000005e3a100000,0x0000005e3a200000)]
  0x0000023664143800 JavaThread "C1 CompilerThread0" daemon [_thread_blocked, id=14156, stack(0x0000005e3a200000,0x0000005e3a300000)]
  0x0000023664133800 JavaThread "Sweeper thread" daemon [_thread_blocked, id=11464, stack(0x0000005e3a300000,0x0000005e3a400000)]
  0x0000023664131000 JavaThread "Common-Cleaner" daemon [_thread_blocked, id=1972, stack(0x0000005e3a500000,0x0000005e3a600000)]
  0x00000236642b8800 JavaThread "C2 CompilerThread1" daemon [_thread_blocked, id=836, stack(0x0000005e3a600000,0x0000005e3a700000)]

Other Threads:
=>0x0000023664095800 VMThread "VM Thread" [stack: 0x0000005e39b00000,0x0000005e39c00000] [id=6164]
  0x00000236642ac800 WatcherThread [stack: 0x0000005e3a400000,0x0000005e3a500000] [id=844]
  0x00000236448e2800 GCTaskThread "GC Thread#0" [stack: 0x0000005e39600000,0x0000005e39700000] [id=7872]
  0x000002366477e800 GCTaskThread "GC Thread#1" [stack: 0x0000005e3a700000,0x0000005e3a800000] [id=4628]
  0x000002366477f800 GCTaskThread "GC Thread#2" [stack: 0x0000005e3a800000,0x0000005e3a900000] [id=12528]
  0x0000023664849800 GCTaskThread "GC Thread#3" [stack: 0x0000005e3a900000,0x0000005e3aa00000] [id=11860]
  0x000002364493d800 ConcurrentGCThread "G1 Main Marker" [stack: 0x0000005e39700000,0x0000005e39800000] [id=2460]
  0x000002364493f000 ConcurrentGCThread "G1 Conc#0" [stack: 0x0000005e39800000,0x0000005e39900000] [id=1152]
  0x00000236636f3800 ConcurrentGCThread "G1 Refine#0" [stack: 0x0000005e39900000,0x0000005e39a00000] [id=8524]
  0x00000236636f5000 ConcurrentGCThread "G1 Young RemSet Sampling" [stack: 0x0000005e39a00000,0x0000005e39b00000] [id=1384]

Threads with active compile tasks:
C2 CompilerThread0   5383 5544       4       org.jetbrains.kotlin.name.ClassId::equals (74 bytes)
C2 CompilerThread1   5383 5546       4       org.jetbrains.kotlin.load.java.structure.impl.classFiles.BinaryClassSignatureParser::parseTypeString (120 bytes)

VM state:at safepoint (normal execution)

VM Mutex/Monitor currently owned by a thread:  ([mutex/lock_event])
[0x00000236448c6070] Threads_lock - owner thread: 0x0000023664095800
[0x00000236448c5140] Heap_lock - owner thread: 0x00000236448c9000

Heap address: 0x0000000701200000, size: 4078 MB, Compressed Oops mode: Zero based, Oop shift amount: 3
Narrow klass base: 0x0000000800000000, Narrow klass shift: 0
Compressed class space size: 1073741824 Address: 0x0000000800000000

Heap:
 garbage-first heap   total 315392K, used 38765K [0x0000000701200000, 0x0000000800000000)
  region size 1024K, 11 young (11264K), 11 survivors (11264K)
 Metaspace       used 53317K, capacity 53942K, committed 54172K, reserved 1097728K
  class space    used 6110K, capacity 6372K, committed 6476K, reserved 1048576K
Heap Regions: E=young(eden), S=young(survivor), O=old, HS=humongous(starts), HC=humongous(continues), CS=collection set, F=free, A=archive, TAMS=top-at-mark-start (previous, next)
|   0|0x0000000701200000, 0x0000000701300000, 0x0000000701300000|100%|HS|  |TAMS 0x0000000701300000, 0x0000000701200000| Complete 
|   1|0x0000000701300000, 0x0000000701400000, 0x0000000701400000|100%|HC|  |TAMS 0x0000000701400000, 0x0000000701300000| Complete 
|   2|0x0000000701400000, 0x0000000701500000, 0x0000000701500000|100%|HC|  |TAMS 0x0000000701500000, 0x0000000701400000| Complete 
|   3|0x0000000701500000, 0x0000000701600000, 0x0000000701600000|100%| O|  |TAMS 0x0000000701600000, 0x0000000701500000| Untracked 
|   4|0x0000000701600000, 0x0000000701700000, 0x0000000701700000|100%| O|  |TAMS 0x0000000701700000, 0x0000000701600000| Untracked 
|   5|0x0000000701700000, 0x0000000701800000, 0x0000000701800000|100%|HS|  |TAMS 0x0000000701800000, 0x0000000701700000| Complete 
|   6|0x0000000701800000, 0x0000000701900000, 0x0000000701900000|100%|HC|  |TAMS 0x0000000701900000, 0x0000000701800000| Complete 
|   7|0x0000000701900000, 0x0000000701a00000, 0x0000000701a00000|100%|HC|  |TAMS 0x0000000701a00000, 0x0000000701900000| Complete 
|   8|0x0000000701a00000, 0x0000000701b00000, 0x0000000701b00000|100%|HS|  |TAMS 0x0000000701b00000, 0x0000000701a00000| Complete 
|   9|0x0000000701b00000, 0x0000000701c00000, 0x0000000701c00000|100%|HC|  |TAMS 0x0000000701c00000, 0x0000000701b00000| Complete 
|  10|0x0000000701c00000, 0x0000000701d00000, 0x0000000701d00000|100%| O|  |TAMS 0x0000000701d00000, 0x0000000701c00000| Untracked 
|  11|0x0000000701d00000, 0x0000000701e00000, 0x0000000701e00000|100%| O|  |TAMS 0x0000000701e00000, 0x0000000701d00000| Untracked 
|  12|0x0000000701e00000, 0x0000000701f00000, 0x0000000701f00000|100%| O|  |TAMS 0x0000000701f00000, 0x0000000701e00000| Untracked 
|  13|0x0000000701f00000, 0x0000000702000000, 0x0000000702000000|100%| O|  |TAMS 0x0000000702000000, 0x0000000701f00000| Untracked 
|  14|0x0000000702000000, 0x0000000702100000, 0x0000000702100000|100%| O|  |TAMS 0x0000000702100000, 0x0000000702000000| Untracked 
|  15|0x0000000702100000, 0x0000000702200000, 0x0000000702200000|100%| O|  |TAMS 0x0000000702200000, 0x0000000702100000| Untracked 
|  16|0x0000000702200000, 0x0000000702300000, 0x0000000702300000|100%| O|  |TAMS 0x0000000702300000, 0x0000000702200000| Untracked 
|  17|0x0000000702300000, 0x0000000702400000, 0x0000000702400000|100%| O|  |TAMS 0x0000000702400000, 0x0000000702300000| Untracked 
|  18|0x0000000702400000, 0x0000000702500000, 0x0000000702500000|100%| O|  |TAMS 0x0000000702500000, 0x0000000702400000| Untracked 
|  19|0x0000000702500000, 0x0000000702600000, 0x0000000702600000|100%| O|  |TAMS 0x00000007025f9e00, 0x0000000702500000| Untracked 
|  20|0x0000000702600000, 0x0000000702600000, 0x0000000702700000|  0%| F|  |TAMS 0x0000000702600000, 0x0000000702600000| Untracked 
|  21|0x0000000702700000, 0x0000000702800000, 0x0000000702800000|100%| O|  |TAMS 0x0000000702700000, 0x0000000702700000| Untracked 
|  22|0x0000000702800000, 0x0000000702900000, 0x0000000702900000|100%| O|  |TAMS 0x0000000702800000, 0x0000000702800000| Untracked 
|  23|0x0000000702900000, 0x0000000702a00000, 0x0000000702a00000|100%| O|  |TAMS 0x0000000702900000, 0x0000000702900000| Untracked 
|  24|0x0000000702a00000, 0x0000000702b00000, 0x0000000702b00000|100%| O|  |TAMS 0x0000000702a00000, 0x0000000702a00000| Untracked 
|  25|0x0000000702b00000, 0x0000000702c00000, 0x0000000702c00000|100%| O|  |TAMS 0x0000000702b00000, 0x0000000702b00000| Untracked 
|  26|0x0000000702c00000, 0x0000000702d00000, 0x0000000702d00000|100%| O|  |TAMS 0x0000000702c00000, 0x0000000702c00000| Untracked 
|  27|0x0000000702d00000, 0x0000000702e00000, 0x0000000702e00000|100%| O|  |TAMS 0x0000000702d00000, 0x0000000702d00000| Untracked 
|  28|0x0000000702e00000, 0x0000000702e8d200, 0x0000000702f00000| 55%| O|  |TAMS 0x0000000702e00000, 0x0000000702e00000| Untracked 
|  29|0x0000000702f00000, 0x0000000702f00000, 0x0000000703000000|  0%| F|  |TAMS 0x0000000702f00000, 0x0000000702f00000| Untracked 
|  30|0x0000000703000000, 0x0000000703000000, 0x0000000703100000|  0%| F|  |TAMS 0x0000000703000000, 0x0000000703000000| Untracked 
|  31|0x0000000703100000, 0x0000000703100000, 0x0000000703200000|  0%| F|  |TAMS 0x0000000703100000, 0x0000000703100000| Untracked 
|  32|0x0000000703200000, 0x0000000703200000, 0x0000000703300000|  0%| F|  |TAMS 0x0000000703200000, 0x0000000703200000| Untracked 
|  33|0x0000000703300000, 0x0000000703300000, 0x0000000703400000|  0%| F|  |TAMS 0x0000000703300000, 0x0000000703300000| Untracked 
|  34|0x0000000703400000, 0x0000000703400000, 0x0000000703500000|  0%| F|  |TAMS 0x0000000703400000, 0x0000000703400000| Untracked 
|  35|0x0000000703500000, 0x0000000703500000, 0x0000000703600000|  0%| F|  |TAMS 0x0000000703500000, 0x0000000703500000| Untracked 
|  36|0x0000000703600000, 0x0000000703600000, 0x0000000703700000|  0%| F|  |TAMS 0x0000000703600000, 0x0000000703600000| Untracked 
|  37|0x0000000703700000, 0x0000000703700000, 0x0000000703800000|  0%| F|  |TAMS 0x0000000703700000, 0x0000000703700000| Untracked 
|  38|0x0000000703800000, 0x0000000703800000, 0x0000000703900000|  0%| F|  |TAMS 0x0000000703800000, 0x0000000703800000| Untracked 
|  39|0x0000000703900000, 0x0000000703900000, 0x0000000703a00000|  0%| F|  |TAMS 0x0000000703900000, 0x0000000703900000| Untracked 
|  40|0x0000000703a00000, 0x0000000703a00000, 0x0000000703b00000|  0%| F|  |TAMS 0x0000000703a00000, 0x0000000703a00000| Untracked 
|  41|0x0000000703b00000, 0x0000000703b00000, 0x0000000703c00000|  0%| F|  |TAMS 0x0000000703b00000, 0x0000000703b00000| Untracked 
|  42|0x0000000703c00000, 0x0000000703c00000, 0x0000000703d00000|  0%| F|  |TAMS 0x0000000703c00000, 0x0000000703c00000| Untracked 
|  43|0x0000000703d00000, 0x0000000703d00000, 0x0000000703e00000|  0%| F|  |TAMS 0x0000000703d00000, 0x0000000703d00000| Untracked 
|  44|0x0000000703e00000, 0x0000000703e00000, 0x0000000703f00000|  0%| F|  |TAMS 0x0000000703e00000, 0x0000000703e00000| Untracked 
|  45|0x0000000703f00000, 0x0000000703f00000, 0x0000000704000000|  0%| F|  |TAMS 0x0000000703f00000, 0x0000000703f00000| Untracked 
|  46|0x0000000704000000, 0x0000000704000000, 0x0000000704100000|  0%| F|  |TAMS 0x0000000704000000, 0x0000000704000000| Untracked 
|  47|0x0000000704100000, 0x0000000704100000, 0x0000000704200000|  0%| F|  |TAMS 0x0000000704100000, 0x0000000704100000| Untracked 
|  48|0x0000000704200000, 0x0000000704200000, 0x0000000704300000|  0%| F|  |TAMS 0x0000000704200000, 0x0000000704200000| Untracked 
|  49|0x0000000704300000, 0x0000000704300000, 0x0000000704400000|  0%| F|  |TAMS 0x0000000704300000, 0x0000000704300000| Untracked 
|  50|0x0000000704400000, 0x0000000704400000, 0x0000000704500000|  0%| F|  |TAMS 0x0000000704400000, 0x0000000704400000| Untracked 
|  51|0x0000000704500000, 0x0000000704500000, 0x0000000704600000|  0%| F|  |TAMS 0x0000000704500000, 0x0000000704500000| Untracked 
|  52|0x0000000704600000, 0x0000000704600000, 0x0000000704700000|  0%| F|  |TAMS 0x0000000704600000, 0x0000000704600000| Untracked 
|  53|0x0000000704700000, 0x0000000704700000, 0x0000000704800000|  0%| F|  |TAMS 0x0000000704700000, 0x0000000704700000| Untracked 
|  54|0x0000000704800000, 0x0000000704800000, 0x0000000704900000|  0%| F|  |TAMS 0x0000000704800000, 0x0000000704800000| Untracked 
|  55|0x0000000704900000, 0x0000000704900000, 0x0000000704a00000|  0%| F|  |TAMS 0x0000000704900000, 0x0000000704900000| Untracked 
|  56|0x0000000704a00000, 0x0000000704a00000, 0x0000000704b00000|  0%| F|  |TAMS 0x0000000704a00000, 0x0000000704a00000| Untracked 
|  57|0x0000000704b00000, 0x0000000704b00000, 0x0000000704c00000|  0%| F|  |TAMS 0x0000000704b00000, 0x0000000704b00000| Untracked 
|  58|0x0000000704c00000, 0x0000000704c00000, 0x0000000704d00000|  0%| F|  |TAMS 0x0000000704c00000, 0x0000000704c00000| Untracked 
|  59|0x0000000704d00000, 0x0000000704d00000, 0x0000000704e00000|  0%| F|  |TAMS 0x0000000704d00000, 0x0000000704d00000| Untracked 
|  60|0x0000000704e00000, 0x0000000704e00000, 0x0000000704f00000|  0%| F|  |TAMS 0x0000000704e00000, 0x0000000704e00000| Untracked 
|  61|0x0000000704f00000, 0x0000000704f00000, 0x0000000705000000|  0%| F|  |TAMS 0x0000000704f00000, 0x0000000704f00000| Untracked 
|  62|0x0000000705000000, 0x0000000705000000, 0x0000000705100000|  0%| F|  |TAMS 0x0000000705000000, 0x0000000705000000| Untracked 
|  63|0x0000000705100000, 0x0000000705100000, 0x0000000705200000|  0%| F|  |TAMS 0x0000000705100000, 0x0000000705100000| Untracked 
|  64|0x0000000705200000, 0x0000000705200000, 0x0000000705300000|  0%| F|  |TAMS 0x0000000705200000, 0x0000000705200000| Untracked 
|  65|0x0000000705300000, 0x0000000705300000, 0x0000000705400000|  0%| F|  |TAMS 0x0000000705300000, 0x0000000705300000| Untracked 
|  66|0x0000000705400000, 0x0000000705400000, 0x0000000705500000|  0%| F|  |TAMS 0x0000000705400000, 0x0000000705400000| Untracked 
|  67|0x0000000705500000, 0x0000000705500000, 0x0000000705600000|  0%| F|  |TAMS 0x0000000705500000, 0x0000000705500000| Untracked 
|  68|0x0000000705600000, 0x0000000705600000, 0x0000000705700000|  0%| F|  |TAMS 0x0000000705600000, 0x0000000705600000| Untracked 
|  69|0x0000000705700000, 0x0000000705700000, 0x0000000705800000|  0%| F|  |TAMS 0x0000000705700000, 0x0000000705700000| Untracked 
|  70|0x0000000705800000, 0x0000000705800000, 0x0000000705900000|  0%| F|  |TAMS 0x0000000705800000, 0x0000000705800000| Untracked 
|  71|0x0000000705900000, 0x0000000705900000, 0x0000000705a00000|  0%| F|  |TAMS 0x0000000705900000, 0x0000000705900000| Untracked 
|  72|0x0000000705a00000, 0x0000000705a00000, 0x0000000705b00000|  0%| F|  |TAMS 0x0000000705a00000, 0x0000000705a00000| Untracked 
|  73|0x0000000705b00000, 0x0000000705b00000, 0x0000000705c00000|  0%| F|  |TAMS 0x0000000705b00000, 0x0000000705b00000| Untracked 
|  74|0x0000000705c00000, 0x0000000705c00000, 0x0000000705d00000|  0%| F|  |TAMS 0x0000000705c00000, 0x0000000705c00000| Untracked 
|  75|0x0000000705d00000, 0x0000000705d00000, 0x0000000705e00000|  0%| F|  |TAMS 0x0000000705d00000, 0x0000000705d00000| Untracked 
|  76|0x0000000705e00000, 0x0000000705e00000, 0x0000000705f00000|  0%| F|  |TAMS 0x0000000705e00000, 0x0000000705e00000| Untracked 
|  77|0x0000000705f00000, 0x0000000705f00000, 0x0000000706000000|  0%| F|  |TAMS 0x0000000705f00000, 0x0000000705f00000| Untracked 
|  78|0x0000000706000000, 0x0000000706000000, 0x0000000706100000|  0%| F|  |TAMS 0x0000000706000000, 0x0000000706000000| Untracked 
|  79|0x0000000706100000, 0x0000000706100000, 0x0000000706200000|  0%| F|  |TAMS 0x0000000706100000, 0x0000000706100000| Untracked 
|  80|0x0000000706200000, 0x0000000706200000, 0x0000000706300000|  0%| F|  |TAMS 0x0000000706200000, 0x0000000706200000| Untracked 
|  81|0x0000000706300000, 0x0000000706300000, 0x0000000706400000|  0%| F|  |TAMS 0x0000000706300000, 0x0000000706300000| Untracked 
|  82|0x0000000706400000, 0x0000000706400000, 0x0000000706500000|  0%| F|  |TAMS 0x0000000706400000, 0x0000000706400000| Untracked 
|  83|0x0000000706500000, 0x0000000706500000, 0x0000000706600000|  0%| F|  |TAMS 0x0000000706500000, 0x0000000706500000| Untracked 
|  84|0x0000000706600000, 0x0000000706600000, 0x0000000706700000|  0%| F|  |TAMS 0x0000000706600000, 0x0000000706600000| Untracked 
|  85|0x0000000706700000, 0x0000000706700000, 0x0000000706800000|  0%| F|  |TAMS 0x0000000706700000, 0x0000000706700000| Untracked 
|  86|0x0000000706800000, 0x0000000706800000, 0x0000000706900000|  0%| F|  |TAMS 0x0000000706800000, 0x0000000706800000| Untracked 
|  87|0x0000000706900000, 0x0000000706900000, 0x0000000706a00000|  0%| F|  |TAMS 0x0000000706900000, 0x0000000706900000| Untracked 
|  88|0x0000000706a00000, 0x0000000706a00000, 0x0000000706b00000|  0%| F|  |TAMS 0x0000000706a00000, 0x0000000706a00000| Untracked 
|  89|0x0000000706b00000, 0x0000000706b00000, 0x0000000706c00000|  0%| F|  |TAMS 0x0000000706b00000, 0x0000000706b00000| Untracked 
|  90|0x0000000706c00000, 0x0000000706c00000, 0x0000000706d00000|  0%| F|  |TAMS 0x0000000706c00000, 0x0000000706c00000| Untracked 
|  91|0x0000000706d00000, 0x0000000706d00000, 0x0000000706e00000|  0%| F|  |TAMS 0x0000000706d00000, 0x0000000706d00000| Untracked 
|  92|0x0000000706e00000, 0x0000000706e00000, 0x0000000706f00000|  0%| F|  |TAMS 0x0000000706e00000, 0x0000000706e00000| Untracked 
|  93|0x0000000706f00000, 0x0000000706f00000, 0x0000000707000000|  0%| F|  |TAMS 0x0000000706f00000, 0x0000000706f00000| Untracked 
|  94|0x0000000707000000, 0x0000000707000000, 0x0000000707100000|  0%| F|  |TAMS 0x0000000707000000, 0x0000000707000000| Untracked 
|  95|0x0000000707100000, 0x0000000707100000, 0x0000000707200000|  0%| F|  |TAMS 0x0000000707100000, 0x0000000707100000| Untracked 
|  96|0x0000000707200000, 0x0000000707200000, 0x0000000707300000|  0%| F|  |TAMS 0x0000000707200000, 0x0000000707200000| Untracked 
|  97|0x0000000707300000, 0x0000000707300000, 0x0000000707400000|  0%| F|  |TAMS 0x0000000707300000, 0x0000000707300000| Untracked 
|  98|0x0000000707400000, 0x0000000707400000, 0x0000000707500000|  0%| F|  |TAMS 0x0000000707400000, 0x0000000707400000| Untracked 
|  99|0x0000000707500000, 0x0000000707500000, 0x0000000707600000|  0%| F|  |TAMS 0x0000000707500000, 0x0000000707500000| Untracked 
| 100|0x0000000707600000, 0x0000000707600000, 0x0000000707700000|  0%| F|  |TAMS 0x0000000707600000, 0x0000000707600000| Untracked 
| 101|0x0000000707700000, 0x0000000707700000, 0x0000000707800000|  0%| F|  |TAMS 0x0000000707700000, 0x0000000707700000| Untracked 
| 102|0x0000000707800000, 0x0000000707800000, 0x0000000707900000|  0%| F|  |TAMS 0x0000000707800000, 0x0000000707800000| Untracked 
| 103|0x0000000707900000, 0x0000000707900000, 0x0000000707a00000|  0%| F|  |TAMS 0x0000000707900000, 0x0000000707900000| Untracked 
| 104|0x0000000707a00000, 0x0000000707a00000, 0x0000000707b00000|  0%| F|  |TAMS 0x0000000707a00000, 0x0000000707a00000| Untracked 
| 105|0x0000000707b00000, 0x0000000707b00000, 0x0000000707c00000|  0%| F|  |TAMS 0x0000000707b00000, 0x0000000707b00000| Untracked 
| 106|0x0000000707c00000, 0x0000000707c00000, 0x0000000707d00000|  0%| F|  |TAMS 0x0000000707c00000, 0x0000000707c00000| Untracked 
| 107|0x0000000707d00000, 0x0000000707d00000, 0x0000000707e00000|  0%| F|  |TAMS 0x0000000707d00000, 0x0000000707d00000| Untracked 
| 108|0x0000000707e00000, 0x0000000707e00000, 0x0000000707f00000|  0%| F|  |TAMS 0x0000000707e00000, 0x0000000707e00000| Untracked 
| 109|0x0000000707f00000, 0x0000000707f00000, 0x0000000708000000|  0%| F|  |TAMS 0x0000000707f00000, 0x0000000707f00000| Untracked 
| 110|0x0000000708000000, 0x0000000708000000, 0x0000000708100000|  0%| F|  |TAMS 0x0000000708000000, 0x0000000708000000| Untracked 
| 111|0x0000000708100000, 0x0000000708100000, 0x0000000708200000|  0%| F|  |TAMS 0x0000000708100000, 0x0000000708100000| Untracked 
| 112|0x0000000708200000, 0x0000000708200000, 0x0000000708300000|  0%| F|  |TAMS 0x0000000708200000, 0x0000000708200000| Untracked 
| 113|0x0000000708300000, 0x0000000708300000, 0x0000000708400000|  0%| F|  |TAMS 0x0000000708300000, 0x0000000708300000| Untracked 
| 114|0x0000000708400000, 0x0000000708400000, 0x0000000708500000|  0%| F|  |TAMS 0x0000000708400000, 0x0000000708400000| Untracked 
| 115|0x0000000708500000, 0x0000000708500000, 0x0000000708600000|  0%| F|  |TAMS 0x0000000708500000, 0x0000000708500000| Untracked 
| 116|0x0000000708600000, 0x0000000708600000, 0x0000000708700000|  0%| F|  |TAMS 0x0000000708600000, 0x0000000708600000| Untracked 
| 117|0x0000000708700000, 0x0000000708700000, 0x0000000708800000|  0%| F|  |TAMS 0x0000000708700000, 0x0000000708700000| Untracked 
| 118|0x0000000708800000, 0x0000000708800000, 0x0000000708900000|  0%| F|  |TAMS 0x0000000708800000, 0x0000000708800000| Untracked 
| 119|0x0000000708900000, 0x0000000708900000, 0x0000000708a00000|  0%| F|  |TAMS 0x0000000708900000, 0x0000000708900000| Untracked 
| 120|0x0000000708a00000, 0x0000000708a00000, 0x0000000708b00000|  0%| F|  |TAMS 0x0000000708a00000, 0x0000000708a00000| Untracked 
| 121|0x0000000708b00000, 0x0000000708b00000, 0x0000000708c00000|  0%| F|  |TAMS 0x0000000708b00000, 0x0000000708b00000| Untracked 
| 122|0x0000000708c00000, 0x0000000708c00000, 0x0000000708d00000|  0%| F|  |TAMS 0x0000000708c00000, 0x0000000708c00000| Untracked 
| 123|0x0000000708d00000, 0x0000000708d00000, 0x0000000708e00000|  0%| F|  |TAMS 0x0000000708d00000, 0x0000000708d00000| Untracked 
| 124|0x0000000708e00000, 0x0000000708e00000, 0x0000000708f00000|  0%| F|  |TAMS 0x0000000708e00000, 0x0000000708e00000| Untracked 
| 125|0x0000000708f00000, 0x0000000708f00000, 0x0000000709000000|  0%| F|  |TAMS 0x0000000708f00000, 0x0000000708f00000| Untracked 
| 126|0x0000000709000000, 0x0000000709000000, 0x0000000709100000|  0%| F|  |TAMS 0x0000000709000000, 0x0000000709000000| Untracked 
| 127|0x0000000709100000, 0x0000000709100000, 0x0000000709200000|  0%| F|  |TAMS 0x0000000709100000, 0x0000000709100000| Untracked 
| 128|0x0000000709200000, 0x0000000709200000, 0x0000000709300000|  0%| F|  |TAMS 0x0000000709200000, 0x0000000709200000| Untracked 
| 129|0x0000000709300000, 0x0000000709300000, 0x0000000709400000|  0%| F|  |TAMS 0x0000000709300000, 0x0000000709300000| Untracked 
| 130|0x0000000709400000, 0x0000000709400000, 0x0000000709500000|  0%| F|  |TAMS 0x0000000709400000, 0x0000000709400000| Untracked 
| 131|0x0000000709500000, 0x0000000709500000, 0x0000000709600000|  0%| F|  |TAMS 0x0000000709500000, 0x0000000709500000| Untracked 
| 132|0x0000000709600000, 0x0000000709600000, 0x0000000709700000|  0%| F|  |TAMS 0x0000000709600000, 0x0000000709600000| Untracked 
| 133|0x0000000709700000, 0x0000000709700000, 0x0000000709800000|  0%| F|  |TAMS 0x0000000709700000, 0x0000000709700000| Untracked 
| 134|0x0000000709800000, 0x0000000709800000, 0x0000000709900000|  0%| F|  |TAMS 0x0000000709800000, 0x0000000709800000| Untracked 
| 135|0x0000000709900000, 0x0000000709900000, 0x0000000709a00000|  0%| F|  |TAMS 0x0000000709900000, 0x0000000709900000| Untracked 
| 136|0x0000000709a00000, 0x0000000709a00000, 0x0000000709b00000|  0%| F|  |TAMS 0x0000000709a00000, 0x0000000709a00000| Untracked 
| 137|0x0000000709b00000, 0x0000000709b00000, 0x0000000709c00000|  0%| F|  |TAMS 0x0000000709b00000, 0x0000000709b00000| Untracked 
| 138|0x0000000709c00000, 0x0000000709c00000, 0x0000000709d00000|  0%| F|  |TAMS 0x0000000709c00000, 0x0000000709c00000| Untracked 
| 139|0x0000000709d00000, 0x0000000709d00000, 0x0000000709e00000|  0%| F|  |TAMS 0x0000000709d00000, 0x0000000709d00000| Untracked 
| 140|0x0000000709e00000, 0x0000000709e00000, 0x0000000709f00000|  0%| F|  |TAMS 0x0000000709e00000, 0x0000000709e00000| Untracked 
| 141|0x0000000709f00000, 0x0000000709f00000, 0x000000070a000000|  0%| F|  |TAMS 0x0000000709f00000, 0x0000000709f00000| Untracked 
| 142|0x000000070a000000, 0x000000070a000000, 0x000000070a100000|  0%| F|  |TAMS 0x000000070a000000, 0x000000070a000000| Untracked 
| 143|0x000000070a100000, 0x000000070a100000, 0x000000070a200000|  0%| F|  |TAMS 0x000000070a100000, 0x000000070a100000| Untracked 
| 144|0x000000070a200000, 0x000000070a200000, 0x000000070a300000|  0%| F|  |TAMS 0x000000070a200000, 0x000000070a200000| Untracked 
| 145|0x000000070a300000, 0x000000070a300000, 0x000000070a400000|  0%| F|  |TAMS 0x000000070a300000, 0x000000070a300000| Untracked 
| 146|0x000000070a400000, 0x000000070a400000, 0x000000070a500000|  0%| F|  |TAMS 0x000000070a400000, 0x000000070a400000| Untracked 
| 147|0x000000070a500000, 0x000000070a500000, 0x000000070a600000|  0%| F|  |TAMS 0x000000070a500000, 0x000000070a500000| Untracked 
| 148|0x000000070a600000, 0x000000070a600000, 0x000000070a700000|  0%| F|  |TAMS 0x000000070a600000, 0x000000070a600000| Untracked 
| 149|0x000000070a700000, 0x000000070a700000, 0x000000070a800000|  0%| F|  |TAMS 0x000000070a700000, 0x000000070a700000| Untracked 
| 150|0x000000070a800000, 0x000000070a800000, 0x000000070a900000|  0%| F|  |TAMS 0x000000070a800000, 0x000000070a800000| Untracked 
| 151|0x000000070a900000, 0x000000070a900000, 0x000000070aa00000|  0%| F|  |TAMS 0x000000070a900000, 0x000000070a900000| Untracked 
| 152|0x000000070aa00000, 0x000000070aa00000, 0x000000070ab00000|  0%| F|  |TAMS 0x000000070aa00000, 0x000000070aa00000| Untracked 
| 153|0x000000070ab00000, 0x000000070ab00000, 0x000000070ac00000|  0%| F|  |TAMS 0x000000070ab00000, 0x000000070ab00000| Untracked 
| 154|0x000000070ac00000, 0x000000070ac00000, 0x000000070ad00000|  0%| F|  |TAMS 0x000000070ac00000, 0x000000070ac00000| Untracked 
| 155|0x000000070ad00000, 0x000000070ad00000, 0x000000070ae00000|  0%| F|  |TAMS 0x000000070ad00000, 0x000000070ad00000| Untracked 
| 156|0x000000070ae00000, 0x000000070ae00000, 0x000000070af00000|  0%| F|  |TAMS 0x000000070ae00000, 0x000000070ae00000| Untracked 
| 157|0x000000070af00000, 0x000000070af00000, 0x000000070b000000|  0%| F|  |TAMS 0x000000070af00000, 0x000000070af00000| Untracked 
| 158|0x000000070b000000, 0x000000070b000000, 0x000000070b100000|  0%| F|  |TAMS 0x000000070b000000, 0x000000070b000000| Untracked 
| 159|0x000000070b100000, 0x000000070b100000, 0x000000070b200000|  0%| F|  |TAMS 0x000000070b100000, 0x000000070b100000| Untracked 
| 160|0x000000070b200000, 0x000000070b200000, 0x000000070b300000|  0%| F|  |TAMS 0x000000070b200000, 0x000000070b200000| Untracked 
| 161|0x000000070b300000, 0x000000070b300000, 0x000000070b400000|  0%| F|  |TAMS 0x000000070b300000, 0x000000070b300000| Untracked 
| 162|0x000000070b400000, 0x000000070b44e3d0, 0x000000070b500000| 30%| S|CS|TAMS 0x000000070b400000, 0x000000070b400000| Complete 
| 163|0x000000070b500000, 0x000000070b600000, 0x000000070b600000|100%| S|CS|TAMS 0x000000070b500000, 0x000000070b500000| Complete 
| 164|0x000000070b600000, 0x000000070b700000, 0x000000070b700000|100%| S|CS|TAMS 0x000000070b600000, 0x000000070b600000| Complete 
| 165|0x000000070b700000, 0x000000070b800000, 0x000000070b800000|100%| S|CS|TAMS 0x000000070b700000, 0x000000070b700000| Complete 
| 166|0x000000070b800000, 0x000000070b900000, 0x000000070b900000|100%| S|CS|TAMS 0x000000070b800000, 0x000000070b800000| Complete 
| 167|0x000000070b900000, 0x000000070ba00000, 0x000000070ba00000|100%| S|CS|TAMS 0x000000070b900000, 0x000000070b900000| Complete 
| 168|0x000000070ba00000, 0x000000070bb00000, 0x000000070bb00000|100%| S|CS|TAMS 0x000000070ba00000, 0x000000070ba00000| Complete 
| 169|0x000000070bb00000, 0x000000070bc00000, 0x000000070bc00000|100%| S|CS|TAMS 0x000000070bb00000, 0x000000070bb00000| Complete 
| 170|0x000000070bc00000, 0x000000070bd00000, 0x000000070bd00000|100%| S|CS|TAMS 0x000000070bc00000, 0x000000070bc00000| Complete 
| 171|0x000000070bd00000, 0x000000070be00000, 0x000000070be00000|100%| S|CS|TAMS 0x000000070bd00000, 0x000000070bd00000| Complete 
| 172|0x000000070be00000, 0x000000070bf00000, 0x000000070bf00000|100%| S|CS|TAMS 0x000000070be00000, 0x000000070be00000| Complete 
| 173|0x000000070bf00000, 0x000000070bf00000, 0x000000070c000000|  0%| F|  |TAMS 0x000000070bf00000, 0x000000070bf00000| Untracked 
| 174|0x000000070c000000, 0x000000070c000000, 0x000000070c100000|  0%| F|  |TAMS 0x000000070c000000, 0x000000070c000000| Untracked 
| 175|0x000000070c100000, 0x000000070c100000, 0x000000070c200000|  0%| F|  |TAMS 0x000000070c100000, 0x000000070c100000| Untracked 
| 176|0x000000070c200000, 0x000000070c200000, 0x000000070c300000|  0%| F|  |TAMS 0x000000070c200000, 0x000000070c200000| Untracked 
| 177|0x000000070c300000, 0x000000070c300000, 0x000000070c400000|  0%| F|  |TAMS 0x000000070c300000, 0x000000070c300000| Untracked 
| 178|0x000000070c400000, 0x000000070c400000, 0x000000070c500000|  0%| F|  |TAMS 0x000000070c400000, 0x000000070c400000| Untracked 
| 179|0x000000070c500000, 0x000000070c500000, 0x000000070c600000|  0%| F|  |TAMS 0x000000070c500000, 0x000000070c500000| Untracked 
| 180|0x000000070c600000, 0x000000070c600000, 0x000000070c700000|  0%| F|  |TAMS 0x000000070c600000, 0x000000070c600000| Untracked 
| 181|0x000000070c700000, 0x000000070c700000, 0x000000070c800000|  0%| F|  |TAMS 0x000000070c700000, 0x000000070c700000| Untracked 
| 182|0x000000070c800000, 0x000000070c800000, 0x000000070c900000|  0%| F|  |TAMS 0x000000070c800000, 0x000000070c800000| Untracked 
| 183|0x000000070c900000, 0x000000070c900000, 0x000000070ca00000|  0%| F|  |TAMS 0x000000070c900000, 0x000000070c900000| Untracked 
| 184|0x000000070ca00000, 0x000000070ca00000, 0x000000070cb00000|  0%| F|  |TAMS 0x000000070ca00000, 0x000000070ca00000| Untracked 
| 185|0x000000070cb00000, 0x000000070cb00000, 0x000000070cc00000|  0%| F|  |TAMS 0x000000070cb00000, 0x000000070cb00000| Untracked 
| 186|0x000000070cc00000, 0x000000070cc00000, 0x000000070cd00000|  0%| F|  |TAMS 0x000000070cc00000, 0x000000070cc00000| Untracked 
| 187|0x000000070cd00000, 0x000000070cd00000, 0x000000070ce00000|  0%| F|  |TAMS 0x000000070cd00000, 0x000000070cd00000| Untracked 
| 188|0x000000070ce00000, 0x000000070ce00000, 0x000000070cf00000|  0%| F|  |TAMS 0x000000070ce00000, 0x000000070ce00000| Untracked 
| 189|0x000000070cf00000, 0x000000070cf00000, 0x000000070d000000|  0%| F|  |TAMS 0x000000070cf00000, 0x000000070cf00000| Untracked 
| 190|0x000000070d000000, 0x000000070d000000, 0x000000070d100000|  0%| F|  |TAMS 0x000000070d000000, 0x000000070d000000| Untracked 
| 191|0x000000070d100000, 0x000000070d100000, 0x000000070d200000|  0%| F|  |TAMS 0x000000070d100000, 0x000000070d100000| Untracked 
| 192|0x000000070d200000, 0x000000070d200000, 0x000000070d300000|  0%| F|  |TAMS 0x000000070d200000, 0x000000070d200000| Untracked 
| 193|0x000000070d300000, 0x000000070d300000, 0x000000070d400000|  0%| F|  |TAMS 0x000000070d300000, 0x000000070d300000| Untracked 
| 194|0x000000070d400000, 0x000000070d400000, 0x000000070d500000|  0%| F|  |TAMS 0x000000070d400000, 0x000000070d400000| Untracked 
| 195|0x000000070d500000, 0x000000070d500000, 0x000000070d600000|  0%| F|  |TAMS 0x000000070d500000, 0x000000070d500000| Untracked 
| 196|0x000000070d600000, 0x000000070d600000, 0x000000070d700000|  0%| F|  |TAMS 0x000000070d600000, 0x000000070d600000| Untracked 
| 197|0x000000070d700000, 0x000000070d700000, 0x000000070d800000|  0%| F|  |TAMS 0x000000070d700000, 0x000000070d700000| Untracked 
| 198|0x000000070d800000, 0x000000070d800000, 0x000000070d900000|  0%| F|  |TAMS 0x000000070d800000, 0x000000070d800000| Untracked 
| 199|0x000000070d900000, 0x000000070d900000, 0x000000070da00000|  0%| F|  |TAMS 0x000000070d900000, 0x000000070d900000| Untracked 
| 200|0x000000070da00000, 0x000000070da00000, 0x000000070db00000|  0%| F|  |TAMS 0x000000070da00000, 0x000000070da00000| Untracked 
| 201|0x000000070db00000, 0x000000070db00000, 0x000000070dc00000|  0%| F|  |TAMS 0x000000070db00000, 0x000000070db00000| Untracked 
| 202|0x000000070dc00000, 0x000000070dc00000, 0x000000070dd00000|  0%| F|  |TAMS 0x000000070dc00000, 0x000000070dc00000| Untracked 
| 203|0x000000070dd00000, 0x000000070dd00000, 0x000000070de00000|  0%| F|  |TAMS 0x000000070dd00000, 0x000000070dd00000| Untracked 
| 204|0x000000070de00000, 0x000000070de00000, 0x000000070df00000|  0%| F|  |TAMS 0x000000070de00000, 0x000000070de00000| Untracked 
| 205|0x000000070df00000, 0x000000070df00000, 0x000000070e000000|  0%| F|  |TAMS 0x000000070df00000, 0x000000070df00000| Untracked 
| 206|0x000000070e000000, 0x000000070e000000, 0x000000070e100000|  0%| F|  |TAMS 0x000000070e000000, 0x000000070e000000| Untracked 
| 207|0x000000070e100000, 0x000000070e100000, 0x000000070e200000|  0%| F|  |TAMS 0x000000070e100000, 0x000000070e100000| Untracked 
| 208|0x000000070e200000, 0x000000070e200000, 0x000000070e300000|  0%| F|  |TAMS 0x000000070e200000, 0x000000070e200000| Untracked 
| 209|0x000000070e300000, 0x000000070e300000, 0x000000070e400000|  0%| F|  |TAMS 0x000000070e300000, 0x000000070e300000| Untracked 
| 210|0x000000070e400000, 0x000000070e400000, 0x000000070e500000|  0%| F|  |TAMS 0x000000070e400000, 0x000000070e400000| Untracked 
| 211|0x000000070e500000, 0x000000070e500000, 0x000000070e600000|  0%| F|  |TAMS 0x000000070e500000, 0x000000070e500000| Untracked 
| 212|0x000000070e600000, 0x000000070e600000, 0x000000070e700000|  0%| F|  |TAMS 0x000000070e600000, 0x000000070e600000| Untracked 
| 213|0x000000070e700000, 0x000000070e700000, 0x000000070e800000|  0%| F|  |TAMS 0x000000070e700000, 0x000000070e700000| Untracked 
| 214|0x000000070e800000, 0x000000070e800000, 0x000000070e900000|  0%| F|  |TAMS 0x000000070e800000, 0x000000070e800000| Untracked 
| 215|0x000000070e900000, 0x000000070e900000, 0x000000070ea00000|  0%| F|  |TAMS 0x000000070e900000, 0x000000070e900000| Untracked 
| 216|0x000000070ea00000, 0x000000070ea00000, 0x000000070eb00000|  0%| F|  |TAMS 0x000000070ea00000, 0x000000070ea00000| Untracked 
| 217|0x000000070eb00000, 0x000000070eb00000, 0x000000070ec00000|  0%| F|  |TAMS 0x000000070eb00000, 0x000000070eb00000| Untracked 
| 218|0x000000070ec00000, 0x000000070ec00000, 0x000000070ed00000|  0%| F|  |TAMS 0x000000070ec00000, 0x000000070ec00000| Untracked 
| 219|0x000000070ed00000, 0x000000070ed00000, 0x000000070ee00000|  0%| F|  |TAMS 0x000000070ed00000, 0x000000070ed00000| Untracked 
| 220|0x000000070ee00000, 0x000000070ee00000, 0x000000070ef00000|  0%| F|  |TAMS 0x000000070ee00000, 0x000000070ee00000| Untracked 
| 221|0x000000070ef00000, 0x000000070ef00000, 0x000000070f000000|  0%| F|  |TAMS 0x000000070ef00000, 0x000000070ef00000| Untracked 
| 222|0x000000070f000000, 0x000000070f000000, 0x000000070f100000|  0%| F|  |TAMS 0x000000070f000000, 0x000000070f000000| Untracked 
| 223|0x000000070f100000, 0x000000070f100000, 0x000000070f200000|  0%| F|  |TAMS 0x000000070f100000, 0x000000070f100000| Untracked 
| 224|0x000000070f200000, 0x000000070f200000, 0x000000070f300000|  0%| F|  |TAMS 0x000000070f200000, 0x000000070f200000| Untracked 
| 225|0x000000070f300000, 0x000000070f300000, 0x000000070f400000|  0%| F|  |TAMS 0x000000070f300000, 0x000000070f300000| Untracked 
| 226|0x000000070f400000, 0x000000070f400000, 0x000000070f500000|  0%| F|  |TAMS 0x000000070f400000, 0x000000070f400000| Untracked 
| 227|0x000000070f500000, 0x000000070f500000, 0x000000070f600000|  0%| F|  |TAMS 0x000000070f500000, 0x000000070f500000| Untracked 
| 228|0x000000070f600000, 0x000000070f600000, 0x000000070f700000|  0%| F|  |TAMS 0x000000070f600000, 0x000000070f600000| Untracked 
| 229|0x000000070f700000, 0x000000070f700000, 0x000000070f800000|  0%| F|  |TAMS 0x000000070f700000, 0x000000070f700000| Untracked 
| 230|0x000000070f800000, 0x000000070f800000, 0x000000070f900000|  0%| F|  |TAMS 0x000000070f800000, 0x000000070f800000| Untracked 
| 231|0x000000070f900000, 0x000000070f900000, 0x000000070fa00000|  0%| F|  |TAMS 0x000000070f900000, 0x000000070f900000| Untracked 
| 232|0x000000070fa00000, 0x000000070fa00000, 0x000000070fb00000|  0%| F|  |TAMS 0x000000070fa00000, 0x000000070fa00000| Untracked 
| 233|0x000000070fb00000, 0x000000070fb00000, 0x000000070fc00000|  0%| F|  |TAMS 0x000000070fb00000, 0x000000070fb00000| Untracked 
| 234|0x000000070fc00000, 0x000000070fc00000, 0x000000070fd00000|  0%| F|  |TAMS 0x000000070fc00000, 0x000000070fc00000| Untracked 
| 235|0x000000070fd00000, 0x000000070fd00000, 0x000000070fe00000|  0%| F|  |TAMS 0x000000070fd00000, 0x000000070fd00000| Untracked 
| 236|0x000000070fe00000, 0x000000070fe00000, 0x000000070ff00000|  0%| F|  |TAMS 0x000000070fe00000, 0x000000070fe00000| Untracked 
| 237|0x000000070ff00000, 0x000000070ff00000, 0x0000000710000000|  0%| F|  |TAMS 0x000000070ff00000, 0x000000070ff00000| Untracked 
| 238|0x0000000710000000, 0x0000000710000000, 0x0000000710100000|  0%| F|  |TAMS 0x0000000710000000, 0x0000000710000000| Untracked 
| 239|0x0000000710100000, 0x0000000710100000, 0x0000000710200000|  0%| F|  |TAMS 0x0000000710100000, 0x0000000710100000| Untracked 
| 240|0x0000000710200000, 0x0000000710200000, 0x0000000710300000|  0%| F|  |TAMS 0x0000000710200000, 0x0000000710200000| Untracked 
| 241|0x0000000710300000, 0x0000000710300000, 0x0000000710400000|  0%| F|  |TAMS 0x0000000710300000, 0x0000000710300000| Untracked 
| 242|0x0000000710400000, 0x0000000710400000, 0x0000000710500000|  0%| F|  |TAMS 0x0000000710400000, 0x0000000710400000| Untracked 
| 243|0x0000000710500000, 0x0000000710500000, 0x0000000710600000|  0%| F|  |TAMS 0x0000000710500000, 0x0000000710500000| Untracked 
| 244|0x0000000710600000, 0x0000000710600000, 0x0000000710700000|  0%| F|  |TAMS 0x0000000710600000, 0x0000000710600000| Untracked 
| 245|0x0000000710700000, 0x0000000710700000, 0x0000000710800000|  0%| F|  |TAMS 0x0000000710700000, 0x0000000710700000| Untracked 
| 246|0x0000000710800000, 0x0000000710800000, 0x0000000710900000|  0%| F|  |TAMS 0x0000000710800000, 0x0000000710800000| Untracked 
| 247|0x0000000710900000, 0x0000000710900000, 0x0000000710a00000|  0%| F|  |TAMS 0x0000000710900000, 0x0000000710900000| Untracked 
| 248|0x0000000710a00000, 0x0000000710a00000, 0x0000000710b00000|  0%| F|  |TAMS 0x0000000710a00000, 0x0000000710a00000| Untracked 
| 249|0x0000000710b00000, 0x0000000710b00000, 0x0000000710c00000|  0%| F|  |TAMS 0x0000000710b00000, 0x0000000710b00000| Untracked 
| 250|0x0000000710c00000, 0x0000000710c00000, 0x0000000710d00000|  0%| F|  |TAMS 0x0000000710c00000, 0x0000000710c00000| Untracked 
| 251|0x0000000710d00000, 0x0000000710d00000, 0x0000000710e00000|  0%| F|  |TAMS 0x0000000710d00000, 0x0000000710d00000| Untracked 
| 252|0x0000000710e00000, 0x0000000710e00000, 0x0000000710f00000|  0%| F|  |TAMS 0x0000000710e00000, 0x0000000710e00000| Untracked 
| 253|0x0000000710f00000, 0x0000000710f00000, 0x0000000711000000|  0%| F|  |TAMS 0x0000000710f00000, 0x0000000710f00000| Untracked 
| 254|0x0000000711000000, 0x0000000711000000, 0x0000000711100000|  0%| F|  |TAMS 0x0000000711000000, 0x0000000711000000| Untracked 
| 255|0x0000000711100000, 0x0000000711100000, 0x0000000711200000|  0%| F|  |TAMS 0x0000000711100000, 0x0000000711100000| Untracked 

Card table byte_map: [0x0000023658200000,0x0000023658a00000] _byte_map_base: 0x00000236549f7000

Marking Bits (Prev, Next): (CMBitMap*) 0x000002364492ca90, (CMBitMap*) 0x000002364492ca58
 Prev Bits: [0x000002365d1c0000, 0x0000023661178000)
 Next Bits: [0x0000023659200000, 0x000002365d1b8000)

Polling page: 0x0000023643080000

Metaspace:

Usage:
  Non-class:     46.46 MB capacity,    46.10 MB (>99%) used,   278.63 KB ( <1%) free+waste,    84.56 KB ( <1%) overhead. 
      Class:      6.22 MB capacity,     5.97 MB ( 96%) used,   223.10 KB (  4%) free+waste,    38.38 KB ( <1%) overhead. 
       Both:     52.68 MB capacity,    52.07 MB ( 99%) used,   501.73 KB ( <1%) free+waste,   122.94 KB ( <1%) overhead. 

Virtual space:
  Non-class space:       48.00 MB reserved,      46.58 MB ( 97%) committed 
      Class space:        1.00 GB reserved,       6.32 MB ( <1%) committed 
             Both:        1.05 GB reserved,      52.90 MB (  5%) committed 

Chunk freelists:
   Non-Class:  62.00 KB
       Class:  28.00 KB
        Both:  90.00 KB

MaxMetaspaceSize: 17179869184.00 GB
CompressedClassSpaceSize: 1.00 GB

CodeHeap 'non-profiled nmethods': size=120064Kb used=2527Kb max_used=2527Kb free=117536Kb
 bounds [0x000002364fe90000, 0x0000023650110000, 0x00000236573d0000]
CodeHeap 'profiled nmethods': size=120000Kb used=13763Kb max_used=13763Kb free=106236Kb
 bounds [0x0000023648960000, 0x00000236496e0000, 0x000002364fe90000]
CodeHeap 'non-nmethods': size=5696Kb used=1212Kb max_used=1266Kb free=4483Kb
 bounds [0x00000236483d0000, 0x0000023648640000, 0x0000023648960000]
 total_blobs=6095 nmethods=5533 adapters=473
 compilation: enabled
              stopped_count=0, restarted_count=0
 full_count=0

Compilation events (20 events):
Event: 5.322 Thread 0x0000023664143800 nmethod 5535 0x00000236496cab10 code [0x00000236496caee0, 0x00000236496cc888]
Event: 5.322 Thread 0x0000023664143800 5537       3       org.jetbrains.kotlin.types.IndexedParametersSubstitution::isEmpty (14 bytes)
Event: 5.322 Thread 0x0000023664143800 nmethod 5537 0x00000236496cd010 code [0x00000236496cd1c0, 0x00000236496cd338]
Event: 5.322 Thread 0x0000023664143800 5538       3       org.jetbrains.kotlin.load.java.typeEnhancement.SignatureParts::isEqual (36 bytes)
Event: 5.323 Thread 0x0000023664143800 nmethod 5538 0x00000236496cd410 code [0x00000236496cd6e0, 0x00000236496ce428]
Event: 5.323 Thread 0x0000023664143800 5539       3       org.jetbrains.kotlin.descriptors.impl.AbstractTypeParameterDescriptor::getVariance (14 bytes)
Event: 5.323 Thread 0x0000023664143800 nmethod 5539 0x00000236496ce890 code [0x00000236496cea40, 0x00000236496cebc8]
Event: 5.323 Thread 0x0000023664143800 5540       3       org.jetbrains.kotlin.types.TypeSubstitution::filterAnnotations (8 bytes)
Event: 5.323 Thread 0x0000023664143800 nmethod 5540 0x00000236496cec90 code [0x00000236496ceec0, 0x00000236496cf458]
Event: 5.323 Thread 0x0000023664143800 5541       3       org.jetbrains.kotlin.serialization.deserialization.descriptors.DeserializedAnnotations::getAnnotations (17 bytes)
Event: 5.324 Thread 0x0000023664143800 nmethod 5541 0x00000236496cf690 code [0x00000236496cf960, 0x00000236496d0648]
Event: 5.324 Thread 0x00000236642b8800 5542       4       org.jetbrains.kotlin.load.java.typeEnhancement.SignatureParts::getTypeSystem (8 bytes)
Event: 5.325 Thread 0x00000236642b8800 nmethod 5542 0x0000023650105490 code [0x0000023650105620, 0x0000023650105698]
Event: 5.325 Thread 0x00000236642b8800 5543       4       org.jetbrains.kotlin.resolve.DescriptorUtils::getFqName (29 bytes)
Event: 5.327 Thread 0x0000023664143800 5545       3       javaslang.collection.HashArrayMappedTrieModule$AbstractNode::bitCount (49 bytes)
Event: 5.327 Thread 0x0000023664143800 nmethod 5545 0x00000236496d0a90 code [0x00000236496d0c40, 0x00000236496d0d58]
Event: 5.327 Thread 0x00000236642b8800 nmethod 5543 0x0000023650105710 code [0x00000236501058e0, 0x0000023650105b28]
Event: 5.327 Thread 0x00000236642b8800 5546       4       org.jetbrains.kotlin.load.java.structure.impl.classFiles.BinaryClassSignatureParser::parseTypeString (120 bytes)
Event: 5.329 Thread 0x000002366413e800 nmethod 5510 0x0000023650105d90 code [0x0000023650105fa0, 0x0000023650107328]
Event: 5.329 Thread 0x000002366413e800 5544       4       org.jetbrains.kotlin.name.ClassId::equals (74 bytes)

GC Heap History (11 events):
Event: 0.471 GC heap before
{Heap before GC invocations=0 (full 0):
 garbage-first heap   total 262144K, used 17408K [0x0000000701200000, 0x0000000800000000)
  region size 1024K, 14 young (14336K), 0 survivors (0K)
 Metaspace       used 9703K, capacity 9778K, committed 9856K, reserved 1058816K
  class space    used 826K, capacity 853K, committed 896K, reserved 1048576K
}
Event: 0.473 GC heap after
{Heap after GC invocations=1 (full 0):
 garbage-first heap   total 262144K, used 5466K [0x0000000701200000, 0x0000000800000000)
  region size 1024K, 2 young (2048K), 2 survivors (2048K)
 Metaspace       used 9703K, capacity 9778K, committed 9856K, reserved 1058816K
  class space    used 826K, capacity 853K, committed 896K, reserved 1048576K
}
Event: 1.289 GC heap before
{Heap before GC invocations=1 (full 0):
 garbage-first heap   total 262144K, used 51546K [0x0000000701200000, 0x0000000800000000)
  region size 1024K, 48 young (49152K), 2 survivors (2048K)
 Metaspace       used 20880K, capacity 21086K, committed 21296K, reserved 1069056K
  class space    used 2220K, capacity 2312K, committed 2432K, reserved 1048576K
}
Event: 1.295 GC heap after
{Heap after GC invocations=2 (full 0):
 garbage-first heap   total 262144K, used 9348K [0x0000000701200000, 0x0000000800000000)
  region size 1024K, 6 young (6144K), 6 survivors (6144K)
 Metaspace       used 20880K, capacity 21086K, committed 21296K, reserved 1069056K
  class space    used 2220K, capacity 2312K, committed 2432K, reserved 1048576K
}
Event: 2.271 GC heap before
{Heap before GC invocations=3 (full 0):
 garbage-first heap   total 262144K, used 59524K [0x0000000701200000, 0x0000000800000000)
  region size 1024K, 51 young (52224K), 6 survivors (6144K)
 Metaspace       used 31608K, capacity 32055K, committed 32304K, reserved 1077248K
  class space    used 3973K, capacity 4149K, committed 4224K, reserved 1048576K
}
Event: 2.282 GC heap after
{Heap after GC invocations=4 (full 0):
 garbage-first heap   total 262144K, used 20913K [0x0000000701200000, 0x0000000800000000)
  region size 1024K, 7 young (7168K), 7 survivors (7168K)
 Metaspace       used 31608K, capacity 32055K, committed 32304K, reserved 1077248K
  class space    used 3973K, capacity 4149K, committed 4224K, reserved 1048576K
}
Event: 2.566 GC heap before
{Heap before GC invocations=4 (full 0):
 garbage-first heap   total 262144K, used 37297K [0x0000000701200000, 0x0000000800000000)
  region size 1024K, 24 young (24576K), 7 survivors (7168K)
 Metaspace       used 35439K, capacity 35847K, committed 35920K, reserved 1081344K
  class space    used 4411K, capacity 4603K, committed 4608K, reserved 1048576K
}
Event: 2.573 GC heap after
{Heap after GC invocations=5 (full 0):
 garbage-first heap   total 262144K, used 22497K [0x0000000701200000, 0x0000000800000000)
  region size 1024K, 2 young (2048K), 2 survivors (2048K)
 Metaspace       used 35439K, capacity 35847K, committed 35920K, reserved 1081344K
  class space    used 4411K, capacity 4603K, committed 4608K, reserved 1048576K
}
Event: 3.796 GC heap before
{Heap before GC invocations=6 (full 0):
 garbage-first heap   total 262144K, used 83937K [0x0000000701200000, 0x0000000800000000)
  region size 1024K, 62 young (63488K), 2 survivors (2048K)
 Metaspace       used 47952K, capacity 48512K, committed 48796K, reserved 1091584K
  class space    used 5663K, capacity 5892K, committed 5964K, reserved 1048576K
}
Event: 3.813 GC heap after
{Heap after GC invocations=7 (full 0):
 garbage-first heap   total 262144K, used 28434K [0x0000000701200000, 0x0000000800000000)
  region size 1024K, 8 young (8192K), 8 survivors (8192K)
 Metaspace       used 47952K, capacity 48512K, committed 48796K, reserved 1091584K
  class space    used 5663K, capacity 5892K, committed 5964K, reserved 1048576K
}
Event: 5.332 GC heap before
{Heap before GC invocations=8 (full 0):
 garbage-first heap   total 262144K, used 106258K [0x0000000701200000, 0x0000000800000000)
  region size 1024K, 83 young (84992K), 8 survivors (8192K)
 Metaspace       used 53317K, capacity 53942K, committed 54172K, reserved 1097728K
  class space    used 6110K, capacity 6372K, committed 6476K, reserved 1048576K
}

Deoptimization events (20 events):
Event: 5.187 Thread 0x00000236448c9000 DEOPT PACKING pc=0x00000236500c538c sp=0x0000005e395fb510
Event: 5.187 Thread 0x00000236448c9000 DEOPT UNPACKING pc=0x00000236483f68af sp=0x0000005e395fb4a0 mode 2
Event: 5.187 Thread 0x00000236448c9000 Uncommon trap: trap_request=0xffffffc6 fr.pc=0x00000236500c538c relative=0x00000000000000cc
Event: 5.187 Thread 0x00000236448c9000 Uncommon trap: reason=bimorphic_or_optimized_type_check action=maybe_recompile pc=0x00000236500c538c method=org.jetbrains.kotlin.types.DelegatingSimpleType.getConstructor()Lorg/jetbrains/kotlin/types/TypeConstructor; @ 1 c2
Event: 5.189 Thread 0x00000236448c9000 DEOPT PACKING pc=0x00000236500c538c sp=0x0000005e395fb470
Event: 5.189 Thread 0x00000236448c9000 DEOPT UNPACKING pc=0x00000236483f68af sp=0x0000005e395fb3f8 mode 2
Event: 5.295 Thread 0x00000236448c9000 DEOPT PACKING pc=0x0000023648d53d24 sp=0x0000005e395fb740
Event: 5.295 Thread 0x00000236448c9000 DEOPT UNPACKING pc=0x00000236483f705e sp=0x0000005e395face0 mode 0
Event: 5.324 Thread 0x00000236448c9000 Uncommon trap: trap_request=0xffffffde fr.pc=0x00000236500fba44 relative=0x0000000000000184
Event: 5.324 Thread 0x00000236448c9000 Uncommon trap: reason=class_check action=maybe_recompile pc=0x00000236500fba44 method=org.jetbrains.kotlin.descriptors.DescriptorVisibilities.toDescriptorVisibility(Lorg/jetbrains/kotlin/descriptors/Visibility;)Lorg/jetbrains/kotlin/descriptors/Descriptor
Event: 5.324 Thread 0x00000236448c9000 DEOPT PACKING pc=0x00000236500fba44 sp=0x0000005e395fc0c0
Event: 5.324 Thread 0x00000236448c9000 DEOPT UNPACKING pc=0x00000236483f68af sp=0x0000005e395fc060 mode 2
Event: 5.324 Thread 0x00000236448c9000 Uncommon trap: trap_request=0xffffffde fr.pc=0x00000236500fba44 relative=0x0000000000000184
Event: 5.324 Thread 0x00000236448c9000 Uncommon trap: reason=class_check action=maybe_recompile pc=0x00000236500fba44 method=org.jetbrains.kotlin.descriptors.DescriptorVisibilities.toDescriptorVisibility(Lorg/jetbrains/kotlin/descriptors/Visibility;)Lorg/jetbrains/kotlin/descriptors/Descriptor
Event: 5.324 Thread 0x00000236448c9000 DEOPT PACKING pc=0x00000236500fba44 sp=0x0000005e395fd260
Event: 5.324 Thread 0x00000236448c9000 DEOPT UNPACKING pc=0x00000236483f68af sp=0x0000005e395fd200 mode 2
Event: 5.324 Thread 0x00000236448c9000 Uncommon trap: trap_request=0xffffffde fr.pc=0x00000236500fba44 relative=0x0000000000000184
Event: 5.324 Thread 0x00000236448c9000 Uncommon trap: reason=class_check action=maybe_recompile pc=0x00000236500fba44 method=org.jetbrains.kotlin.descriptors.DescriptorVisibilities.toDescriptorVisibility(Lorg/jetbrains/kotlin/descriptors/Visibility;)Lorg/jetbrains/kotlin/descriptors/Descriptor
Event: 5.324 Thread 0x00000236448c9000 DEOPT PACKING pc=0x00000236500fba44 sp=0x0000005e395fce00
Event: 5.324 Thread 0x00000236448c9000 DEOPT UNPACKING pc=0x00000236483f68af sp=0x0000005e395fcda0 mode 2

Classes redefined (0 events):
No events

Internal exceptions (20 events):
Event: 1.560 Thread 0x00000236448c9000 Exception <a 'java/lang/NoSuchMethodError'{0x00000007104f51f0}: 'java.lang.Object java.lang.invoke.DirectMethodHandle$Holder.invokeStatic(java.lang.Object, java.lang.Object, java.lang.Object, java.lang.Object, int)'> (0x00000007104f51f0) thrown at [./src/hotspot/share/interpreter/linkResolver.cpp, line 773]
Event: 1.599 Thread 0x00000236448c9000 Exception <a 'sun/nio/fs/WindowsException'{0x00000007102367a8}> (0x00000007102367a8) thrown at [./src/hotspot/share/prims/jni.cpp, line 615]
Event: 1.599 Thread 0x00000236448c9000 Exception <a 'sun/nio/fs/WindowsException'{0x0000000710237020}> (0x0000000710237020) thrown at [./src/hotspot/share/prims/jni.cpp, line 615]
Event: 1.599 Thread 0x00000236448c9000 Exception <a 'sun/nio/fs/WindowsException'{0x00000007102378a8}> (0x00000007102378a8) thrown at [./src/hotspot/share/prims/jni.cpp, line 615]
Event: 1.599 Thread 0x00000236448c9000 Exception <a 'sun/nio/fs/WindowsException'{0x0000000710238290}> (0x0000000710238290) thrown at [./src/hotspot/share/prims/jni.cpp, line 615]
Event: 1.600 Thread 0x00000236448c9000 Exception <a 'sun/nio/fs/WindowsException'{0x0000000710238b78}> (0x0000000710238b78) thrown at [./src/hotspot/share/prims/jni.cpp, line 615]
Event: 1.600 Thread 0x00000236448c9000 Exception <a 'sun/nio/fs/WindowsException'{0x00000007102394b0}> (0x00000007102394b0) thrown at [./src/hotspot/share/prims/jni.cpp, line 615]
Event: 1.603 Thread 0x00000236448c9000 Exception <a 'java/lang/NoSuchMethodError'{0x000000071023fc70}: 'void java.lang.invoke.DirectMethodHandle$Holder.invokeStatic(java.lang.Object, java.lang.Object, java.lang.Object, java.lang.Object)'> (0x000000071023fc70) thrown at [./src/hotspot/share/interpreter/linkResolver.cpp, line 773]
Event: 1.665 Thread 0x00000236448c9000 Exception <a 'java/lang/NoSuchMethodError'{0x000000070fe22260}: 'void java.lang.invoke.DirectMethodHandle$Holder.invokeStaticInit(java.lang.Object, java.lang.Object)'> (0x000000070fe22260) thrown at [./src/hotspot/share/interpreter/linkResolver.cpp, line 773]
Event: 1.749 Thread 0x00000236448c9000 Exception <a 'java/lang/NoSuchMethodError'{0x000000070fab9720}: 'void java.lang.invoke.DirectMethodHandle$Holder.invokeVirtual(java.lang.Object, java.lang.Object)'> (0x000000070fab9720) thrown at [./src/hotspot/share/interpreter/linkResolver.cpp, line 773]
Event: 1.759 Thread 0x00000236448c9000 Exception <a 'java/lang/NoSuchMethodError'{0x000000070f937db8}: 'int java.lang.invoke.DirectMethodHandle$Holder.invokeVirtual(java.lang.Object, java.lang.Object)'> (0x000000070f937db8) thrown at [./src/hotspot/share/interpreter/linkResolver.cpp, line 773]
Event: 2.502 Thread 0x00000236448c9000 Exception <a 'java/lang/NoSuchMethodError'{0x00000007105b3ed0}: 'java.lang.Object java.lang.invoke.DirectMethodHandle$Holder.invokeVirtual(java.lang.Object, java.lang.Object, java.lang.Object)'> (0x00000007105b3ed0) thrown at [./src/hotspot/share/interpreter/linkResolver.cpp, line 773]
Event: 3.135 Thread 0x00000236448c9000 Exception <a 'java/lang/NoSuchMethodError'{0x000000070ed87a78}: 'java.lang.Object java.lang.invoke.Invokers$Holder.linkToTargetMethod(java.lang.Object, int, java.lang.Object)'> (0x000000070ed87a78) thrown at [./src/hotspot/share/interpreter/linkResolver.cpp, line 773]
Event: 3.268 Thread 0x00000236448c9000 Exception <a 'java/lang/NoSuchMethodError'{0x000000070e947450}: 'java.lang.Object java.lang.invoke.DirectMethodHandle$Holder.invokeStatic(java.lang.Object, java.lang.Object, java.lang.Object, int)'> (0x000000070e947450) thrown at [./src/hotspot/share/interpreter/linkResolver.cpp, line 773]
Event: 3.268 Thread 0x00000236448c9000 Exception <a 'java/lang/NoSuchMethodError'{0x000000070e94b0c0}: 'java.lang.Object java.lang.invoke.DirectMethodHandle$Holder.invokeSpecial(java.lang.Object, java.lang.Object, java.lang.Object, java.lang.Object, int)'> (0x000000070e94b0c0) thrown at [./src/hotspot/share/interpreter/linkResolver.cpp, line 773]
Event: 3.268 Thread 0x00000236448c9000 Exception <a 'java/lang/NoSuchMethodError'{0x000000070e94e3d0}: 'java.lang.Object java.lang.invoke.Invokers$Holder.linkToTargetMethod(java.lang.Object, java.lang.Object, int, java.lang.Object)'> (0x000000070e94e3d0) thrown at [./src/hotspot/share/interpreter/linkResolver.cpp, line 773]
Event: 4.393 Thread 0x00000236448c9000 Implicit null exception at 0x000002364ffe54dc to 0x000002364ffe5a78
Event: 4.458 Thread 0x00000236448c9000 Exception <a 'java/lang/NoSuchMethodError'{0x000000070e78f170}: 'java.lang.Object java.lang.invoke.DirectMethodHandle$Holder.invokeSpecial(java.lang.Object, java.lang.Object, java.lang.Object, java.lang.Object, java.lang.Object, java.lang.Object, java.lang.Object, java.lang.Object, java.lang.Object)'> (0x000000070e78f170) thrown at [./src/hotspot/share/interpreter/linkResolver.cpp, line 773]
Event: 4.458 Thread 0x00000236448c9000 Exception <a 'java/lang/NoSuchMethodError'{0x000000070e793368}: 'java.lang.Object java.lang.invoke.Invokers$Holder.linkToTargetMethod(java.lang.Object, java.lang.Object, java.lang.Object, java.lang.Object, java.lang.Object, java.lang.Object, java.lang.Object, java.lang.Object)'> (0x000000070e793368) thrown at [./src/hotspot/share/interpreter/linkResolver.cpp, line 773]
Event: 4.569 Thread 0x00000236448c9000 Exception <a 'java/lang/NoSuchMethodError'{0x000000070e3d0848}: 'java.lang.Object java.lang.invoke.DirectMethodHandle$Holder.invokeStaticInit(java.lang.Object, java.lang.Object, java.lang.Object)'> (0x000000070e3d0848) thrown at [./src/hotspot/share/interpreter/linkResolver.cpp, line 773]

Events (20 events):
Event: 4.918 loading class org/jetbrains/kotlin/types/checker/NewCapturedTypeConstructor$_supertypes$2 done
Event: 4.919 loading class org/jetbrains/kotlin/types/checker/NewCapturedTypeConstructor$initializeSupertypes$2
Event: 4.919 loading class org/jetbrains/kotlin/types/checker/NewCapturedTypeConstructor$initializeSupertypes$2 done
Event: 4.940 loading class org/jetbrains/kotlin/types/checker/ClassicTypeSystemContext$substitutionSupertypePolicy$2
Event: 4.940 loading class org/jetbrains/kotlin/types/checker/ClassicTypeSystemContext$substitutionSupertypePolicy$2 done
Event: 4.940 loading class org/jetbrains/kotlin/types/TypeCheckerState$SupertypesPolicy$DoCustomTransform
Event: 4.940 loading class org/jetbrains/kotlin/types/TypeCheckerState$SupertypesPolicy$DoCustomTransform done
Event: 4.940 loading class org/jetbrains/kotlin/types/TypeCheckerState$SupertypesPolicy$None
Event: 4.940 loading class org/jetbrains/kotlin/types/TypeCheckerState$SupertypesPolicy$None done
Event: 4.974 Executing VM operation: ICBufferFull
Event: 4.974 Executing VM operation: ICBufferFull done
Event: 5.084 Executing VM operation: ICBufferFull
Event: 5.084 Executing VM operation: ICBufferFull done
Event: 5.207 Executing VM operation: ICBufferFull
Event: 5.207 Executing VM operation: ICBufferFull done
Event: 5.226 loading class org/jetbrains/kotlin/utils/SmartSet$ArrayIterator
Event: 5.226 loading class org/jetbrains/kotlin/utils/SmartSet$ArrayIterator done
Event: 5.325 Executing VM operation: ICBufferFull
Event: 5.325 Executing VM operation: ICBufferFull done
Event: 5.332 Executing VM operation: G1CollectForAllocation


Dynamic libraries:
0x00007ff7904d0000 - 0x00007ff7904da000 	D:\Android\Android Studio\jre\bin\java.exe
0x00007fffe8910000 - 0x00007fffe8b05000 	C:\WINDOWS\SYSTEM32\ntdll.dll
0x00007fffe72e0000 - 0x00007fffe739e000 	C:\WINDOWS\System32\KERNEL32.DLL
0x00007fffe62c0000 - 0x00007fffe6588000 	C:\WINDOWS\System32\KERNELBASE.dll
0x00007fffe6590000 - 0x00007fffe6690000 	C:\WINDOWS\System32\ucrtbase.dll
0x00007fffd4640000 - 0x00007fffd4657000 	D:\Android\Android Studio\jre\bin\VCRUNTIME140.dll
0x00007fffdb000000 - 0x00007fffdb019000 	D:\Android\Android Studio\jre\bin\jli.dll
0x00007fffe6a90000 - 0x00007fffe6c30000 	C:\WINDOWS\System32\USER32.dll
0x00007fffe6030000 - 0x00007fffe6052000 	C:\WINDOWS\System32\win32u.dll
0x00007fffd3ff0000 - 0x00007fffd428a000 	C:\WINDOWS\WinSxS\amd64_microsoft.windows.common-controls_6595b64144ccf1df_6.0.19041.1110_none_60b5254171f9507e\COMCTL32.dll
0x00007fffe74a0000 - 0x00007fffe74cb000 	C:\WINDOWS\System32\GDI32.dll
0x00007fffe7580000 - 0x00007fffe761e000 	C:\WINDOWS\System32\msvcrt.dll
0x00007fffe6060000 - 0x00007fffe616b000 	C:\WINDOWS\System32\gdi32full.dll
0x00007fffe6740000 - 0x00007fffe67dd000 	C:\WINDOWS\System32\msvcp_win.dll
0x00007fffe7470000 - 0x00007fffe74a0000 	C:\WINDOWS\System32\IMM32.DLL
0x00007fffca5d0000 - 0x00007fffca66d000 	D:\Android\Android Studio\jre\bin\msvcp140.dll
0x00007fffada70000 - 0x00007fffae545000 	D:\Android\Android Studio\jre\bin\server\jvm.dll
0x00007fffe74d0000 - 0x00007fffe757e000 	C:\WINDOWS\System32\ADVAPI32.dll
0x00007fffe7240000 - 0x00007fffe72dc000 	C:\WINDOWS\System32\sechost.dll
0x00007fffe78a0000 - 0x00007fffe79c5000 	C:\WINDOWS\System32\RPCRT4.dll
0x00007fffe7230000 - 0x00007fffe7238000 	C:\WINDOWS\System32\PSAPI.DLL
0x00007fffd76f0000 - 0x00007fffd7717000 	C:\WINDOWS\SYSTEM32\WINMM.dll
0x00007fffe0fc0000 - 0x00007fffe0fca000 	C:\WINDOWS\SYSTEM32\VERSION.dll
0x00007fffd1260000 - 0x00007fffd1269000 	C:\WINDOWS\SYSTEM32\WSOCK32.dll
0x00007fffe7400000 - 0x00007fffe746b000 	C:\WINDOWS\System32\WS2_32.dll
0x00007fffe3f60000 - 0x00007fffe3f72000 	C:\WINDOWS\SYSTEM32\kernel.appcore.dll
0x00007fffdf5d0000 - 0x00007fffdf5e1000 	D:\Android\Android Studio\jre\bin\verify.dll
0x00007fffd03f0000 - 0x00007fffd05d4000 	C:\WINDOWS\SYSTEM32\DBGHELP.DLL
0x00007fffcef90000 - 0x00007fffcefbc000 	C:\WINDOWS\SYSTEM32\dbgcore.DLL
0x00007fffe61e0000 - 0x00007fffe6262000 	C:\WINDOWS\System32\bcryptPrimitives.dll
0x00007fffdb440000 - 0x00007fffdb469000 	D:\Android\Android Studio\jre\bin\java.dll
0x00007fffe1a70000 - 0x00007fffe1a7b000 	D:\Android\Android Studio\jre\bin\jimage.dll
0x00007fffdd440000 - 0x00007fffdd458000 	D:\Android\Android Studio\jre\bin\zip.dll
0x00007fffe7c00000 - 0x00007fffe8344000 	C:\WINDOWS\System32\SHELL32.dll
0x00007fffe4160000 - 0x00007fffe48f4000 	C:\WINDOWS\SYSTEM32\windows.storage.dll
0x00007fffe6ed0000 - 0x00007fffe7224000 	C:\WINDOWS\System32\combase.dll
0x00007fffe5a20000 - 0x00007fffe5a4c000 	C:\WINDOWS\SYSTEM32\Wldp.dll
0x00007fffe6e20000 - 0x00007fffe6ecd000 	C:\WINDOWS\System32\SHCORE.dll
0x00007fffe8870000 - 0x00007fffe88c5000 	C:\WINDOWS\System32\shlwapi.dll
0x00007fffe5f70000 - 0x00007fffe5f8f000 	C:\WINDOWS\SYSTEM32\profapi.dll
0x00007fffdc6f0000 - 0x00007fffdc70a000 	D:\Android\Android Studio\jre\bin\net.dll
0x00007fffde1a0000 - 0x00007fffde2a9000 	C:\WINDOWS\SYSTEM32\WINHTTP.dll
0x00007fffe5720000 - 0x00007fffe578a000 	C:\WINDOWS\system32\mswsock.dll
0x00007fffdb2f0000 - 0x00007fffdb304000 	D:\Android\Android Studio\jre\bin\nio.dll

dbghelp: loaded successfully - version: 4.0.5 - missing functions: none
symbol engine: initialized successfully - sym options: 0x614 - pdb path: .;D:\Android\Android Studio\jre\bin;C:\WINDOWS\SYSTEM32;C:\WINDOWS\WinSxS\amd64_microsoft.windows.common-controls_6595b64144ccf1df_6.0.19041.1110_none_60b5254171f9507e;D:\Android\Android Studio\jre\bin\server

VM Arguments:
java_command: org.jetbrains.kotlin.cli.jvm.K2JVMCompiler @D:\Project\Genie_clone\app\build\20220414_5856169726460975031.compiler.options
java_class_path (initial): C:\Users\user\.gradle\caches\modules-2\files-2.1\org.jetbrains.kotlin\kotlin-compiler-embeddable\1.6.20\18f66cca4301c12893ebe4ef47d65c3d9d2bff9b\kotlin-compiler-embeddable-1.6.20.jar;C:\Users\user\.gradle\caches\modules-2\files-2.1\org.jetbrains.kotlin\kotlin-reflect\1.6.20\669965154723f1a712e8677af0cc5470dfdab81c\kotlin-reflect-1.6.20.jar;C:\Users\user\.gradle\caches\modules-2\files-2.1\org.jetbrains.kotlin\kotlin-stdlib\1.6.20\6cedc143badbb4f1c6b7f5a340b04edff1743208\kotlin-stdlib-1.6.20.jar;C:\Users\user\.gradle\caches\modules-2\files-2.1\org.jetbrains.kotlin\kotlin-script-runtime\1.6.20\a115c367e0fd9c8909293b208689afca0c88a6f1\kotlin-script-runtime-1.6.20.jar;C:\Users\user\.gradle\caches\modules-2\files-2.1\org.jetbrains.kotlin\kotlin-daemon-embeddable\1.6.20\d4cac343029f48f106c57f457384771165d7deb5\kotlin-daemon-embeddable-1.6.20.jar;C:\Users\user\.gradle\caches\modules-2\files-2.1\org.jetbrains.intellij.deps\trove4j\1.0.20200330\3afb14d5f9ceb459d724e907a21145e8ff394f02\trove4j-1.0.20200330.jar;C:\Users\user\.gradle\caches\modules-2\files-2.1\net.java.dev.jna\jna\5.6.0\330f2244e9030119ab3030fc3fededc86713d9cc\jna-5.6.0.jar;C:\Users\user\.gradle\caches\modules-2\files-2.1\org.jetbrains.kotlin\kotlin-stdlib-common\1.6.20\27b4562b6713d70f458c6d7ea39aadacb8e6a92b\kotlin-stdlib-common-1.6.20.jar;C:\Users\user\.gradle\caches\modules-2\files-2.1\org.jetbrains\annotations\13.0\919f0dfe192fb4e063e7dacadee7f8bb9a2672a9\annotations-13.0.jar
Launcher Type: SUN_STANDARD

[Global flags]
     intx CICompilerCount                          = 3                                         {product} {ergonomic}
     uint ConcGCThreads                            = 1                                         {product} {ergonomic}
     uint G1ConcRefinementThreads                  = 4                                         {product} {ergonomic}
   size_t G1HeapRegionSize                         = 1048576                                   {product} {ergonomic}
    uintx GCDrainStackTargetSize                   = 64                                        {product} {ergonomic}
   size_t InitialHeapSize                          = 268435456                                 {product} {ergonomic}
   size_t MarkStackSize                            = 4194304                                   {product} {ergonomic}
   size_t MaxHeapSize                              = 4276092928                                {product} {ergonomic}
   size_t MaxNewSize                               = 2564816896                                {product} {ergonomic}
   size_t MinHeapDeltaBytes                        = 1048576                                   {product} {ergonomic}
    uintx NonNMethodCodeHeapSize                   = 5830732                                {pd product} {ergonomic}
    uintx NonProfiledCodeHeapSize                  = 122913754                              {pd product} {ergonomic}
    uintx ProfiledCodeHeapSize                     = 122913754                              {pd product} {ergonomic}
    uintx ReservedCodeCacheSize                    = 251658240                              {pd product} {ergonomic}
     bool SegmentedCodeCache                       = true                                      {product} {ergonomic}
     bool UseCompressedClassPointers               = true                                 {lp64_product} {ergonomic}
     bool UseCompressedOops                        = true                                 {lp64_product} {ergonomic}
     bool UseG1GC                                  = true                                      {product} {ergonomic}
     bool UseLargePagesIndividualAllocation        = false                                  {pd product} {ergonomic}

Logging:
Log output configuration:
 #0: stdout all=warning uptime,level,tags
 #1: stderr all=off uptime,level,tags

Environment Variables:
JAVA_HOME=C:\Program Files\Java\jdk-16.0.1
PATH=C:\Users\user\AppData\Local\Android\Sdk\platform-tools;C:\Users\user\AppData\Local\Android\Sdk\tools;C:\Users\user\AppData\Local\Android\Sdk\tools\bin;C:\Program Files\Git\bin;C:\Program Files\Git\cmd;C:\Program Files\Git\bin\git.exe;C:\src\flutter\bin;C:\Windows\System32;C:\Windows\System32\WindowsPowerShell\v1.0;C:\Users\user\AppData\Local\Microsoft\WindowsApps;C:\Users\user\AppData\Local\afreeca;C:\Users\user\AppData\Local\Programs\Microsoft VS Code\bin
USERNAME=user
OS=Windows_NT
PROCESSOR_IDENTIFIER=Intel64 Family 6 Model 94 Stepping 3, GenuineIntel



---------------  S Y S T E M  ---------------

OS: Windows 10 , 64 bit Build 19041 (10.0.19041.1566)
OS uptime: 1 days 6:56 hours

CPU:total 4 (initial active 4) (4 cores per cpu, 1 threads per core) family 6 model 94 stepping 3 microcode 0xcc, cmov, cx8, fxsr, mmx, sse, sse2, sse3, ssse3, sse4.1, sse4.2, popcnt, avx, avx2, aes, clmul, erms, rtm, 3dnowpref, lzcnt, tsc, tscinvbit, bmi1, bmi2, adx, fma

Memory: 4k page, system-wide physical 16304M (3188M free)
TotalPageFile size 16304M (AvailPageFile size 55M)
current process WorkingSet (physical memory assigned to process): 264M, peak: 277M
current process commit charge ("private bytes"): 428M, peak: 480M

vm_info: OpenJDK 64-Bit Server VM (11.0.11+9-b60-7590822) for windows-amd64 JRE (11.0.11+9-b60-7590822), built on Jul 29 2021 21:43:44 by "builder" with MS VC++ 14.0 (VS2015)

END.
