#
# There is insufficient memory for the Java Runtime Environment to continue.
# Native memory allocation (malloc) failed to allocate 1401456 bytes for Chunk::new
# Possible reasons:
#   The system is out of physical RAM or swap space
#   The process is running with CompressedOops enabled, and the Java Heap may be blocking the growth of the native heap
# Possible solutions:
#   Reduce memory load on the system
#   Increase physical memory or swap space
#   Check if swap backing store is full
#   Decrease Java heap size (-Xmx/-Xms)
#   Decrease number of Java threads
#   Decrease Java thread stack sizes (-Xss)
#   Set larger code cache with -XX:ReservedCodeCacheSize=
#   JVM is running with Unscaled Compressed Oops mode in which the Java heap is
#     placed in the first 4GB address space. The Java Heap base address is the
#     maximum limit for the native heap growth. Please use -XX:HeapBaseMinAddress
#     to set the Java Heap base and to place the Java Heap above 4GB virtual address.
# This output file may be truncated or incomplete.
#
#  Out of Memory Error (./src/hotspot/share/memory/arena.cpp:197), pid=13332, tid=11352
#
# JRE version: OpenJDK Runtime Environment (11.0.11+9) (build 11.0.11+9-b60-7590822)
# Java VM: OpenJDK 64-Bit Server VM (11.0.11+9-b60-7590822, mixed mode, tiered, compressed oops, g1 gc, windows-amd64)
# No core dump will be written. Minidumps are not enabled by default on client versions of Windows
#

---------------  S U M M A R Y ------------

Command Line: --add-opens=java.base/java.util=ALL-UNNAMED --add-opens=java.base/java.lang=ALL-UNNAMED --add-opens=java.base/java.lang.invoke=ALL-UNNAMED --add-opens=java.base/java.util=ALL-UNNAMED --add-opens=java.prefs/java.util.prefs=ALL-UNNAMED --add-opens=java.prefs/java.util.prefs=ALL-UNNAMED --add-opens=java.base/java.nio.charset=ALL-UNNAMED --add-opens=java.base/java.net=ALL-UNNAMED --add-opens=java.base/java.util.concurrent.atomic=ALL-UNNAMED -Xmx2048m -Dfile.encoding=UTF-8 -Duser.country=KR -Duser.language=ko -Duser.variant org.gradle.launcher.daemon.bootstrap.GradleDaemon 7.2

Host: Intel(R) Core(TM) i5-6500 CPU @ 3.20GHz, 4 cores, 15G,  Windows 10 , 64 bit Build 19041 (10.0.19041.1566)
Time: Sat Apr 16 01:14:38 2022 대한민국 표준시 elapsed time: 101.049313 seconds (0d 0h 1m 41s)

---------------  T H R E A D  ---------------

Current thread (0x00000270297d3800):  JavaThread "C2 CompilerThread0" daemon [_thread_in_native, id=11352, stack(0x000000d1d0b00000,0x000000d1d0c00000)]


Current CompileTask:
C2: 101049 17538   !   4       java.nio.file.FileTreeWalker::next (144 bytes)

Stack: [0x000000d1d0b00000,0x000000d1d0c00000]
Native frames: (J=compiled Java code, j=interpreted, Vv=VM code, C=native code)
V  [jvm.dll+0x5f214a]
V  [jvm.dll+0x726fb5]
V  [jvm.dll+0x7285cd]
V  [jvm.dll+0x728c83]
V  [jvm.dll+0x243278]
V  [jvm.dll+0xbc53c]
V  [jvm.dll+0xbca3c]
V  [jvm.dll+0x353e7d]
V  [jvm.dll+0x19895c]
V  [jvm.dll+0x1fc2ee]
V  [jvm.dll+0x1fb3d4]
V  [jvm.dll+0x183d6c]
V  [jvm.dll+0x209a57]
V  [jvm.dll+0x2082a1]
V  [jvm.dll+0x6ef58f]
V  [jvm.dll+0x6e80b5]
V  [jvm.dll+0x5f1036]
C  [ucrtbase.dll+0x21bb2]
C  [KERNEL32.DLL+0x17034]
C  [ntdll.dll+0x52651]


---------------  P R O C E S S  ---------------

Threads class SMR info:
_java_thread_list=0x0000027035191730, length=90, elements={
0x000002700d3b9800, 0x0000027029755800, 0x0000027029757000, 0x0000027029778800,
0x00000270297cf800, 0x00000270297d0800, 0x00000270297d3800, 0x00000270297d4800,
0x000002702983b800, 0x000002702992b000, 0x000002702a842000, 0x000002702ce37800,
0x000002702bfb0800, 0x000002702af95000, 0x000002702b16f000, 0x000002702bdf9000,
0x000002702bdfc000, 0x000002702bdfd000, 0x000002702bdfb800, 0x000002702bdf8000,
0x000002702d60b000, 0x000002702d60b800, 0x000002702d609000, 0x000002702d60c800,
0x000002702d60d000, 0x000002702ce91000, 0x000002702ce92000, 0x000002702ce94800,
0x000002702ce87800, 0x000002702ce89000, 0x000002702ce8a000, 0x000002702ce8a800,
0x000002702ce8c800, 0x000002702ce86800, 0x000002702ce8b800, 0x000002702ce8e000,
0x000002702ce88000, 0x000002702ce93800, 0x000002702ce8e800, 0x000002702ce95800,
0x000002702ce90800, 0x000002702ce8f800, 0x000002702d607800, 0x000002702d60a000,
0x000002702d606800, 0x000002702d613800, 0x000002702d60e000, 0x000002702d614800,
0x000002702d610800, 0x000002702d60f000, 0x000002702d60f800, 0x000002702d611800,
0x000002702d612000, 0x000002702d613000, 0x000002702bdfa000, 0x000002702bdfa800,
0x000002702bdfe000, 0x000002702bdfe800, 0x000002702ef58800, 0x000002702ef5e000,
0x000002702ef5f000, 0x000002702ef5d000, 0x000002702ef59000, 0x000002702ef5f800,
0x000002702ef5a000, 0x000002702ef60800, 0x000002702ef5b000, 0x000002702ef61800,
0x000002702ef5b800, 0x000002702ef62000, 0x000002702ef5c800, 0x000002702ef65800,
0x000002702ef66000, 0x000002702ef63000, 0x000002702ef67000, 0x000002702ef64800,
0x000002702ef63800, 0x000002702a741800, 0x000002702a745800, 0x000002702a743000,
0x000002702a744800, 0x000002702a744000, 0x000002702a740000, 0x000002702a746800,
0x000002702a740800, 0x000002702a747000, 0x000002702a748000, 0x000002702a742000,
0x0000027035667800, 0x000002702a749800
}

Java Threads: ( => current thread )
  0x000002700d3b9800 JavaThread "main" [_thread_blocked, id=7376, stack(0x000000d1cff00000,0x000000d1d0000000)]
  0x0000027029755800 JavaThread "Reference Handler" daemon [_thread_blocked, id=9632, stack(0x000000d1d0600000,0x000000d1d0700000)]
  0x0000027029757000 JavaThread "Finalizer" daemon [_thread_blocked, id=11868, stack(0x000000d1d0700000,0x000000d1d0800000)]
  0x0000027029778800 JavaThread "Signal Dispatcher" daemon [_thread_blocked, id=6768, stack(0x000000d1d0800000,0x000000d1d0900000)]
  0x00000270297cf800 JavaThread "Attach Listener" daemon [_thread_blocked, id=13900, stack(0x000000d1d0900000,0x000000d1d0a00000)]
  0x00000270297d0800 JavaThread "Service Thread" daemon [_thread_blocked, id=852, stack(0x000000d1d0a00000,0x000000d1d0b00000)]
=>0x00000270297d3800 JavaThread "C2 CompilerThread0" daemon [_thread_in_native, id=11352, stack(0x000000d1d0b00000,0x000000d1d0c00000)]
  0x00000270297d4800 JavaThread "C1 CompilerThread0" daemon [_thread_blocked, id=13676, stack(0x000000d1d0c00000,0x000000d1d0d00000)]
  0x000002702983b800 JavaThread "Sweeper thread" daemon [_thread_blocked, id=2164, stack(0x000000d1d0d00000,0x000000d1d0e00000)]
  0x000002702992b000 JavaThread "Common-Cleaner" daemon [_thread_blocked, id=11256, stack(0x000000d1d0e00000,0x000000d1d0f00000)]
  0x000002702a842000 JavaThread "Daemon health stats" [_thread_blocked, id=9704, stack(0x000000d1d1400000,0x000000d1d1500000)]
  0x000002702ce37800 JavaThread "Incoming local TCP Connector on port 9277" [_thread_in_native, id=3296, stack(0x000000d1d1000000,0x000000d1d1100000)]
  0x000002702bfb0800 JavaThread "Daemon periodic checks" [_thread_blocked, id=13060, stack(0x000000d1d1500000,0x000000d1d1600000)]
  0x000002702af95000 JavaThread "Daemon" [_thread_blocked, id=4552, stack(0x000000d1d1600000,0x000000d1d1700000)]
  0x000002702b16f000 JavaThread "Daemon worker" [_thread_blocked, id=11056, stack(0x000000d1d1900000,0x000000d1d1a00000)]
  0x000002702bdf9000 JavaThread "Cache worker for journal cache (C:\Users\user\.gradle\caches\journal-1)" [_thread_blocked, id=4212, stack(0x000000d1d1d00000,0x000000d1d1e00000)]
  0x000002702bdfc000 JavaThread "File lock request listener" [_thread_in_native, id=4860, stack(0x000000d1d1e00000,0x000000d1d1f00000)]
  0x000002702bdfd000 JavaThread "Cache worker for file hash cache (C:\Users\user\.gradle\caches\7.2\fileHashes)" [_thread_blocked, id=12880, stack(0x000000d1d1f00000,0x000000d1d2000000)]
  0x000002702bdfb800 JavaThread "File watcher server" daemon [_thread_in_native, id=13860, stack(0x000000d1d2200000,0x000000d1d2300000)]
  0x000002702bdf8000 JavaThread "File watcher consumer" daemon [_thread_blocked, id=3920, stack(0x000000d1d2300000,0x000000d1d2400000)]
  0x000002702d60b000 JavaThread "Cache worker for execution history cache (C:\Users\user\.gradle\caches\7.2\executionHistory)" [_thread_blocked, id=964, stack(0x000000d1d2700000,0x000000d1d2800000)]
  0x000002702d60b800 JavaThread "jar transforms" [_thread_blocked, id=13932, stack(0x000000d1d2800000,0x000000d1d2900000)]
  0x000002702d609000 JavaThread "Cache worker for file content cache (C:\Users\user\.gradle\caches\7.2\fileContent)" [_thread_blocked, id=7020, stack(0x000000d1d2900000,0x000000d1d2a00000)]
  0x000002702d60c800 JavaThread "jar transforms Thread 2" [_thread_blocked, id=6176, stack(0x000000d1d2a00000,0x000000d1d2b00000)]
  0x000002702d60d000 JavaThread "jar transforms Thread 3" [_thread_blocked, id=4956, stack(0x000000d1d2c00000,0x000000d1d2d00000)]
  0x000002702ce91000 JavaThread "jar transforms Thread 4" [_thread_blocked, id=11496, stack(0x000000d1d5600000,0x000000d1d5700000)]
  0x000002702ce92000 JavaThread "Memory manager" [_thread_blocked, id=12480, stack(0x000000d1d5800000,0x000000d1d5900000)]
  0x000002702ce94800 JavaThread "pool-3-thread-1" [_thread_blocked, id=6712, stack(0x000000d1d5a00000,0x000000d1d5b00000)]
  0x000002702ce87800 JavaThread "File lock release action executor" [_thread_blocked, id=10008, stack(0x000000d1cfc00000,0x000000d1cfd00000)]
  0x000002702ce89000 JavaThread "Handler for socket connection from /127.0.0.1:9277 to /127.0.0.1:9355" [_thread_in_native, id=10580, stack(0x000000d1cfd00000,0x000000d1cfe00000)]
  0x000002702ce8a000 JavaThread "Cancel handler" [_thread_blocked, id=13344, stack(0x000000d1cfe00000,0x000000d1cff00000)]
  0x000002702ce8a800 JavaThread "Asynchronous log dispatcher for DefaultDaemonConnection: socket connection from /127.0.0.1:9277 to /127.0.0.1:9355" [_thread_blocked, id=7556, stack(0x000000d1d1700000,0x000000d1d1800000)]
  0x000002702ce8c800 JavaThread "Stdin handler" [_thread_blocked, id=12908, stack(0x000000d1d1800000,0x000000d1d1900000)]
  0x000002702ce86800 JavaThread "Daemon client event forwarder" [_thread_blocked, id=12704, stack(0x000000d1d1a00000,0x000000d1d1b00000)]
  0x000002702ce8b800 JavaThread "Cache worker for file hash cache (D:\Project\Genie_clone\.gradle\7.2\fileHashes)" [_thread_blocked, id=11508, stack(0x000000d1d1b00000,0x000000d1d1c00000)]
  0x000002702ce8e000 JavaThread "Cache worker for checksums cache (D:\Project\Genie_clone\.gradle\checksums)" [_thread_blocked, id=8844, stack(0x000000d1d2000000,0x000000d1d2100000)]
  0x000002702ce88000 JavaThread "Cache worker for cache directory md-supplier (C:\Users\user\.gradle\caches\7.2\md-supplier)" [_thread_blocked, id=10004, stack(0x000000d1d2100000,0x000000d1d2200000)]
  0x000002702ce93800 JavaThread "Cache worker for cache directory md-rule (C:\Users\user\.gradle\caches\7.2\md-rule)" [_thread_blocked, id=13100, stack(0x000000d1d2400000,0x000000d1d2500000)]
  0x000002702ce8e800 JavaThread "Cache worker for dependencies-accessors (D:\Project\Genie_clone\.gradle\7.2\dependencies-accessors)" [_thread_blocked, id=6156, stack(0x000000d1d2500000,0x000000d1d2600000)]
  0x000002702ce95800 JavaThread "Cache worker for Build Output Cleanup Cache (D:\Project\Genie_clone\.gradle\buildOutputCleanup)" [_thread_blocked, id=11500, stack(0x000000d1d1c00000,0x000000d1d1d00000)]
  0x000002702ce90800 JavaThread "Unconstrained build operations" [_thread_blocked, id=13340, stack(0x000000d1d2b00000,0x000000d1d2c00000)]
  0x000002702ce8f800 JavaThread "Unconstrained build operations Thread 2" [_thread_blocked, id=12588, stack(0x000000d1d2d00000,0x000000d1d2e00000)]
  0x000002702d607800 JavaThread "Unconstrained build operations Thread 3" [_thread_blocked, id=1676, stack(0x000000d1d2e00000,0x000000d1d2f00000)]
  0x000002702d60a000 JavaThread "Unconstrained build operations Thread 4" [_thread_blocked, id=10600, stack(0x000000d1d2f00000,0x000000d1d3000000)]
  0x000002702d606800 JavaThread "Unconstrained build operations Thread 5" [_thread_blocked, id=1536, stack(0x000000d1d3000000,0x000000d1d3100000)]
  0x000002702d613800 JavaThread "Unconstrained build operations Thread 6" [_thread_blocked, id=9756, stack(0x000000d1d3100000,0x000000d1d3200000)]
  0x000002702d60e000 JavaThread "Unconstrained build operations Thread 7" [_thread_blocked, id=1104, stack(0x000000d1d3200000,0x000000d1d3300000)]
  0x000002702d614800 JavaThread "Unconstrained build operations Thread 8" [_thread_blocked, id=6724, stack(0x000000d1d3300000,0x000000d1d3400000)]
  0x000002702d610800 JavaThread "Unconstrained build operations Thread 9" [_thread_blocked, id=6468, stack(0x000000d1d3400000,0x000000d1d3500000)]
  0x000002702d60f000 JavaThread "Unconstrained build operations Thread 10" [_thread_blocked, id=884, stack(0x000000d1d3500000,0x000000d1d3600000)]
  0x000002702d60f800 JavaThread "Unconstrained build operations Thread 11" [_thread_blocked, id=14052, stack(0x000000d1d3600000,0x000000d1d3700000)]
  0x000002702d611800 JavaThread "Unconstrained build operations Thread 12" [_thread_blocked, id=13692, stack(0x000000d1d3700000,0x000000d1d3800000)]
  0x000002702d612000 JavaThread "Unconstrained build operations Thread 13" [_thread_blocked, id=1216, stack(0x000000d1d3800000,0x000000d1d3900000)]
  0x000002702d613000 JavaThread "Unconstrained build operations Thread 14" [_thread_blocked, id=3256, stack(0x000000d1d3900000,0x000000d1d3a00000)]
  0x000002702bdfa000 JavaThread "Unconstrained build operations Thread 15" [_thread_blocked, id=2332, stack(0x000000d1d3a00000,0x000000d1d3b00000)]
  0x000002702bdfa800 JavaThread "Unconstrained build operations Thread 16" [_thread_blocked, id=1172, stack(0x000000d1d3b00000,0x000000d1d3c00000)]
  0x000002702bdfe000 JavaThread "Unconstrained build operations Thread 17" [_thread_blocked, id=7640, stack(0x000000d1d3c00000,0x000000d1d3d00000)]
  0x000002702bdfe800 JavaThread "Unconstrained build operations Thread 18" [_thread_blocked, id=12488, stack(0x000000d1d3d00000,0x000000d1d3e00000)]
  0x000002702ef58800 JavaThread "Unconstrained build operations Thread 19" [_thread_blocked, id=5028, stack(0x000000d1d3e00000,0x000000d1d3f00000)]
  0x000002702ef5e000 JavaThread "Unconstrained build operations Thread 20" [_thread_blocked, id=11228, stack(0x000000d1d3f00000,0x000000d1d4000000)]
  0x000002702ef5f000 JavaThread "Unconstrained build operations Thread 21" [_thread_blocked, id=10616, stack(0x000000d1d4000000,0x000000d1d4100000)]
  0x000002702ef5d000 JavaThread "Unconstrained build operations Thread 22" [_thread_blocked, id=7144, stack(0x000000d1d4100000,0x000000d1d4200000)]
  0x000002702ef59000 JavaThread "Unconstrained build operations Thread 23" [_thread_blocked, id=3412, stack(0x000000d1d4200000,0x000000d1d4300000)]
  0x000002702ef5f800 JavaThread "Unconstrained build operations Thread 24" [_thread_blocked, id=7232, stack(0x000000d1d4300000,0x000000d1d4400000)]
  0x000002702ef5a000 JavaThread "Unconstrained build operations Thread 25" [_thread_blocked, id=632, stack(0x000000d1d4400000,0x000000d1d4500000)]
  0x000002702ef60800 JavaThread "Unconstrained build operations Thread 26" [_thread_blocked, id=9680, stack(0x000000d1d4500000,0x000000d1d4600000)]
  0x000002702ef5b000 JavaThread "Unconstrained build operations Thread 27" [_thread_blocked, id=10304, stack(0x000000d1d4600000,0x000000d1d4700000)]
  0x000002702ef61800 JavaThread "Unconstrained build operations Thread 28" [_thread_blocked, id=2732, stack(0x000000d1d4700000,0x000000d1d4800000)]
  0x000002702ef5b800 JavaThread "Unconstrained build operations Thread 29" [_thread_blocked, id=13624, stack(0x000000d1d4800000,0x000000d1d4900000)]
  0x000002702ef62000 JavaThread "Unconstrained build operations Thread 30" [_thread_blocked, id=14224, stack(0x000000d1d4900000,0x000000d1d4a00000)]
  0x000002702ef5c800 JavaThread "Unconstrained build operations Thread 31" [_thread_blocked, id=5792, stack(0x000000d1d4a00000,0x000000d1d4b00000)]
  0x000002702ef65800 JavaThread "Unconstrained build operations Thread 32" [_thread_blocked, id=13520, stack(0x000000d1d4b00000,0x000000d1d4c00000)]
  0x000002702ef66000 JavaThread "Unconstrained build operations Thread 33" [_thread_blocked, id=6524, stack(0x000000d1d4c00000,0x000000d1d4d00000)]
  0x000002702ef63000 JavaThread "Unconstrained build operations Thread 34" [_thread_blocked, id=9956, stack(0x000000d1d4d00000,0x000000d1d4e00000)]
  0x000002702ef67000 JavaThread "Unconstrained build operations Thread 35" [_thread_blocked, id=2376, stack(0x000000d1d4e00000,0x000000d1d4f00000)]
  0x000002702ef64800 JavaThread "Unconstrained build operations Thread 36" [_thread_blocked, id=7676, stack(0x000000d1d4f00000,0x000000d1d5000000)]
  0x000002702ef63800 JavaThread "Unconstrained build operations Thread 37" [_thread_blocked, id=6704, stack(0x000000d1d5000000,0x000000d1d5100000)]
  0x000002702a741800 JavaThread "Unconstrained build operations Thread 38" [_thread_blocked, id=9992, stack(0x000000d1d5100000,0x000000d1d5200000)]
  0x000002702a745800 JavaThread "Unconstrained build operations Thread 39" [_thread_blocked, id=620, stack(0x000000d1d5200000,0x000000d1d5300000)]
  0x000002702a743000 JavaThread "Unconstrained build operations Thread 40" [_thread_blocked, id=12028, stack(0x000000d1d5300000,0x000000d1d5400000)]
  0x000002702a744800 JavaThread "build event listener" [_thread_blocked, id=9964, stack(0x000000d1d5400000,0x000000d1d5500000)]
  0x000002702a744000 JavaThread "pool-7-thread-1" [_thread_blocked, id=11776, stack(0x000000d1d5500000,0x000000d1d5600000)]
  0x000002702a740000 JavaThread "build event listener" [_thread_blocked, id=12248, stack(0x000000d1d5900000,0x000000d1d5a00000)]
  0x000002702a746800 JavaThread "Execution worker for ':'" [_thread_blocked, id=6348, stack(0x000000d1d5b00000,0x000000d1d5c00000)]
  0x000002702a740800 JavaThread "Execution worker for ':' Thread 2" [_thread_blocked, id=10360, stack(0x000000d1d5c00000,0x000000d1d5d00000)]
  0x000002702a747000 JavaThread "Execution worker for ':' Thread 3" [_thread_blocked, id=2712, stack(0x000000d1d5d00000,0x000000d1d5e00000)]
  0x000002702a748000 JavaThread "Cache worker for execution history cache (D:\Project\Genie_clone\.gradle\7.2\executionHistory)" [_thread_blocked, id=4920, stack(0x000000d1d5e00000,0x000000d1d5f00000)]
  0x000002702a742000 JavaThread "WorkerExecutor Queue" [_thread_blocked, id=4608, stack(0x000000d1d5f00000,0x000000d1d6000000)]
  0x0000027035667800 JavaThread "C2 CompilerThread1" daemon [_thread_blocked, id=10736, stack(0x000000d1d6000000,0x000000d1d6100000)]
  0x000002702a749800 JavaThread "Thread-137" [_thread_in_native, id=13104, stack(0x000000d1d6100000,0x000000d1d6200000)]

Other Threads:
  0x0000027029751800 VMThread "VM Thread" [stack: 0x000000d1d0500000,0x000000d1d0600000] [id=14200]
  0x0000027029938800 WatcherThread [stack: 0x000000d1d0f00000,0x000000d1d1000000] [id=4616]
  0x000002700d3d2000 GCTaskThread "GC Thread#0" [stack: 0x000000d1d0000000,0x000000d1d0100000] [id=10012]
  0x0000027029cc8000 GCTaskThread "GC Thread#1" [stack: 0x000000d1d1100000,0x000000d1d1200000] [id=6320]
  0x000002702a2ae000 GCTaskThread "GC Thread#2" [stack: 0x000000d1d1200000,0x000000d1d1300000] [id=6180]
  0x000002702a2ae800 GCTaskThread "GC Thread#3" [stack: 0x000000d1d1300000,0x000000d1d1400000] [id=13724]
  0x000002700d401800 ConcurrentGCThread "G1 Main Marker" [stack: 0x000000d1d0100000,0x000000d1d0200000] [id=3492]
  0x000002700d403000 ConcurrentGCThread "G1 Conc#0" [stack: 0x000000d1d0200000,0x000000d1d0300000] [id=12808]
  0x0000027028d8e800 ConcurrentGCThread "G1 Refine#0" [stack: 0x000000d1d0300000,0x000000d1d0400000] [id=11716]
  0x00000270306fd000 ConcurrentGCThread "G1 Refine#1" [stack: 0x000000d1d5700000,0x000000d1d5800000] [id=2348]
  0x0000027028d8f800 ConcurrentGCThread "G1 Young RemSet Sampling" [stack: 0x000000d1d0400000,0x000000d1d0500000] [id=10172]

Threads with active compile tasks:
C2 CompilerThread0 101097 17538   !   4       java.nio.file.FileTreeWalker::next (144 bytes)

VM state:not at safepoint (normal execution)

VM Mutex/Monitor currently owned by a thread: None

Heap address: 0x0000000080000000, size: 2048 MB, Compressed Oops mode: 32-bit
Narrow klass base: 0x0000000000000000, Narrow klass shift: 3
Compressed class space size: 1073741824 Address: 0x0000000100000000

Heap:
 garbage-first heap   total 262144K, used 172904K [0x0000000080000000, 0x0000000100000000)
  region size 1024K, 67 young (68608K), 6 survivors (6144K)
 Metaspace       used 114357K, capacity 116736K, committed 116820K, reserved 1150976K
  class space    used 13899K, capacity 14773K, committed 14848K, reserved 1048576K
Heap Regions: E=young(eden), S=young(survivor), O=old, HS=humongous(starts), HC=humongous(continues), CS=collection set, F=free, A=archive, TAMS=top-at-mark-start (previous, next)
|   0|0x0000000080000000, 0x0000000080100000, 0x0000000080100000|100%|HS|  |TAMS 0x0000000080100000, 0x0000000080000000| Complete 
|   1|0x0000000080100000, 0x0000000080200000, 0x0000000080200000|100%|HC|  |TAMS 0x0000000080200000, 0x0000000080100000| Complete 
|   2|0x0000000080200000, 0x0000000080300000, 0x0000000080300000|100%|HC|  |TAMS 0x0000000080300000, 0x0000000080200000| Complete 
|   3|0x0000000080300000, 0x0000000080400000, 0x0000000080400000|100%| O|  |TAMS 0x0000000080400000, 0x0000000080300000| Untracked 
|   4|0x0000000080400000, 0x0000000080500000, 0x0000000080500000|100%| O|  |TAMS 0x0000000080500000, 0x0000000080400000| Untracked 
|   5|0x0000000080500000, 0x0000000080600000, 0x0000000080600000|100%| O|  |TAMS 0x0000000080600000, 0x0000000080500000| Untracked 
|   6|0x0000000080600000, 0x0000000080700000, 0x0000000080700000|100%| O|  |TAMS 0x0000000080700000, 0x0000000080600000| Untracked 
|   7|0x0000000080700000, 0x0000000080800000, 0x0000000080800000|100%| O|  |TAMS 0x0000000080800000, 0x0000000080700000| Untracked 
|   8|0x0000000080800000, 0x0000000080900000, 0x0000000080900000|100%| O|  |TAMS 0x0000000080900000, 0x0000000080800000| Untracked 
|   9|0x0000000080900000, 0x0000000080a00000, 0x0000000080a00000|100%| O|  |TAMS 0x0000000080a00000, 0x0000000080900000| Untracked 
|  10|0x0000000080a00000, 0x0000000080b00000, 0x0000000080b00000|100%| O|  |TAMS 0x0000000080b00000, 0x0000000080a00000| Untracked 
|  11|0x0000000080b00000, 0x0000000080c00000, 0x0000000080c00000|100%| O|  |TAMS 0x0000000080c00000, 0x0000000080b00000| Untracked 
|  12|0x0000000080c00000, 0x0000000080d00000, 0x0000000080d00000|100%| O|  |TAMS 0x0000000080d00000, 0x0000000080c00000| Untracked 
|  13|0x0000000080d00000, 0x0000000080e00000, 0x0000000080e00000|100%| O|  |TAMS 0x0000000080e00000, 0x0000000080d00000| Untracked 
|  14|0x0000000080e00000, 0x0000000080f00000, 0x0000000080f00000|100%| O|  |TAMS 0x0000000080f00000, 0x0000000080e00000| Untracked 
|  15|0x0000000080f00000, 0x0000000081000000, 0x0000000081000000|100%| O|  |TAMS 0x0000000081000000, 0x0000000080f00000| Untracked 
|  16|0x0000000081000000, 0x0000000081100000, 0x0000000081100000|100%| O|  |TAMS 0x0000000081100000, 0x0000000081000000| Untracked 
|  17|0x0000000081100000, 0x0000000081200000, 0x0000000081200000|100%|HS|  |TAMS 0x0000000081200000, 0x0000000081100000| Complete 
|  18|0x0000000081200000, 0x0000000081300000, 0x0000000081300000|100%|HS|  |TAMS 0x0000000081300000, 0x0000000081200000| Complete 
|  19|0x0000000081300000, 0x0000000081400000, 0x0000000081400000|100%|HS|  |TAMS 0x0000000081400000, 0x0000000081300000| Complete 
|  20|0x0000000081400000, 0x0000000081500000, 0x0000000081500000|100%|HS|  |TAMS 0x0000000081500000, 0x0000000081400000| Complete 
|  21|0x0000000081500000, 0x0000000081600000, 0x0000000081600000|100%|HS|  |TAMS 0x0000000081600000, 0x0000000081500000| Complete 
|  22|0x0000000081600000, 0x0000000081700000, 0x0000000081700000|100%|HC|  |TAMS 0x0000000081700000, 0x0000000081600000| Complete 
|  23|0x0000000081700000, 0x0000000081800000, 0x0000000081800000|100%|HC|  |TAMS 0x0000000081800000, 0x0000000081700000| Complete 
|  24|0x0000000081800000, 0x0000000081900000, 0x0000000081900000|100%|HS|  |TAMS 0x0000000081900000, 0x0000000081800000| Complete 
|  25|0x0000000081900000, 0x0000000081a00000, 0x0000000081a00000|100%|HC|  |TAMS 0x0000000081a00000, 0x0000000081900000| Complete 
|  26|0x0000000081a00000, 0x0000000081b00000, 0x0000000081b00000|100%| O|  |TAMS 0x0000000081b00000, 0x0000000081a00000| Untracked 
|  27|0x0000000081b00000, 0x0000000081c00000, 0x0000000081c00000|100%| O|  |TAMS 0x0000000081c00000, 0x0000000081b00000| Untracked 
|  28|0x0000000081c00000, 0x0000000081d00000, 0x0000000081d00000|100%| O|  |TAMS 0x0000000081d00000, 0x0000000081c00000| Untracked 
|  29|0x0000000081d00000, 0x0000000081e00000, 0x0000000081e00000|100%| O|  |TAMS 0x0000000081e00000, 0x0000000081d00000| Untracked 
|  30|0x0000000081e00000, 0x0000000081f00000, 0x0000000081f00000|100%| O|  |TAMS 0x0000000081f00000, 0x0000000081e00000| Untracked 
|  31|0x0000000081f00000, 0x0000000082000000, 0x0000000082000000|100%| O|  |TAMS 0x0000000082000000, 0x0000000081f00000| Untracked 
|  32|0x0000000082000000, 0x0000000082100000, 0x0000000082100000|100%| O|  |TAMS 0x0000000082100000, 0x0000000082000000| Untracked 
|  33|0x0000000082100000, 0x0000000082200000, 0x0000000082200000|100%| O|  |TAMS 0x0000000082200000, 0x0000000082100000| Untracked 
|  34|0x0000000082200000, 0x0000000082300000, 0x0000000082300000|100%| O|  |TAMS 0x0000000082300000, 0x0000000082200000| Untracked 
|  35|0x0000000082300000, 0x0000000082400000, 0x0000000082400000|100%| O|  |TAMS 0x0000000082400000, 0x0000000082300000| Untracked 
|  36|0x0000000082400000, 0x0000000082500000, 0x0000000082500000|100%| O|  |TAMS 0x0000000082500000, 0x0000000082400000| Untracked 
|  37|0x0000000082500000, 0x0000000082600000, 0x0000000082600000|100%| O|  |TAMS 0x0000000082600000, 0x0000000082500000| Untracked 
|  38|0x0000000082600000, 0x0000000082700000, 0x0000000082700000|100%| O|  |TAMS 0x0000000082700000, 0x0000000082600000| Untracked 
|  39|0x0000000082700000, 0x0000000082800000, 0x0000000082800000|100%| O|  |TAMS 0x0000000082800000, 0x0000000082700000| Untracked 
|  40|0x0000000082800000, 0x0000000082900000, 0x0000000082900000|100%| O|  |TAMS 0x0000000082900000, 0x0000000082800000| Untracked 
|  41|0x0000000082900000, 0x0000000082a00000, 0x0000000082a00000|100%| O|  |TAMS 0x0000000082a00000, 0x0000000082900000| Untracked 
|  42|0x0000000082a00000, 0x0000000082b00000, 0x0000000082b00000|100%| O|  |TAMS 0x0000000082b00000, 0x0000000082a00000| Untracked 
|  43|0x0000000082b00000, 0x0000000082c00000, 0x0000000082c00000|100%| O|  |TAMS 0x0000000082c00000, 0x0000000082b00000| Untracked 
|  44|0x0000000082c00000, 0x0000000082d00000, 0x0000000082d00000|100%| O|  |TAMS 0x0000000082d00000, 0x0000000082c00000| Untracked 
|  45|0x0000000082d00000, 0x0000000082e00000, 0x0000000082e00000|100%| O|  |TAMS 0x0000000082e00000, 0x0000000082d00000| Untracked 
|  46|0x0000000082e00000, 0x0000000082f00000, 0x0000000082f00000|100%| O|  |TAMS 0x0000000082f00000, 0x0000000082e00000| Untracked 
|  47|0x0000000082f00000, 0x0000000083000000, 0x0000000083000000|100%| O|  |TAMS 0x0000000083000000, 0x0000000082f00000| Untracked 
|  48|0x0000000083000000, 0x0000000083100000, 0x0000000083100000|100%| O|  |TAMS 0x0000000083100000, 0x0000000083000000| Untracked 
|  49|0x0000000083100000, 0x0000000083200000, 0x0000000083200000|100%| O|  |TAMS 0x0000000083200000, 0x0000000083100000| Untracked 
|  50|0x0000000083200000, 0x0000000083300000, 0x0000000083300000|100%| O|  |TAMS 0x0000000083300000, 0x0000000083200000| Untracked 
|  51|0x0000000083300000, 0x0000000083400000, 0x0000000083400000|100%| O|  |TAMS 0x0000000083400000, 0x0000000083300000| Untracked 
|  52|0x0000000083400000, 0x0000000083500000, 0x0000000083500000|100%| O|  |TAMS 0x0000000083500000, 0x0000000083400000| Untracked 
|  53|0x0000000083500000, 0x0000000083600000, 0x0000000083600000|100%| O|  |TAMS 0x0000000083600000, 0x0000000083500000| Untracked 
|  54|0x0000000083600000, 0x0000000083700000, 0x0000000083700000|100%| O|  |TAMS 0x0000000083700000, 0x0000000083600000| Untracked 
|  55|0x0000000083700000, 0x0000000083800000, 0x0000000083800000|100%| O|  |TAMS 0x0000000083800000, 0x0000000083700000| Untracked 
|  56|0x0000000083800000, 0x0000000083900000, 0x0000000083900000|100%| O|  |TAMS 0x0000000083900000, 0x0000000083800000| Untracked 
|  57|0x0000000083900000, 0x0000000083a00000, 0x0000000083a00000|100%| O|  |TAMS 0x0000000083a00000, 0x0000000083900000| Untracked 
|  58|0x0000000083a00000, 0x0000000083b00000, 0x0000000083b00000|100%| O|  |TAMS 0x0000000083b00000, 0x0000000083a00000| Untracked 
|  59|0x0000000083b00000, 0x0000000083c00000, 0x0000000083c00000|100%| O|  |TAMS 0x0000000083c00000, 0x0000000083b00000| Untracked 
|  60|0x0000000083c00000, 0x0000000083d00000, 0x0000000083d00000|100%| O|  |TAMS 0x0000000083d00000, 0x0000000083c00000| Untracked 
|  61|0x0000000083d00000, 0x0000000083e00000, 0x0000000083e00000|100%| O|  |TAMS 0x0000000083e00000, 0x0000000083d00000| Untracked 
|  62|0x0000000083e00000, 0x0000000083f00000, 0x0000000083f00000|100%| O|  |TAMS 0x0000000083f00000, 0x0000000083e00000| Untracked 
|  63|0x0000000083f00000, 0x0000000084000000, 0x0000000084000000|100%| O|  |TAMS 0x0000000084000000, 0x0000000083f00000| Untracked 
|  64|0x0000000084000000, 0x0000000084100000, 0x0000000084100000|100%| O|  |TAMS 0x0000000084100000, 0x0000000084000000| Untracked 
|  65|0x0000000084100000, 0x0000000084200000, 0x0000000084200000|100%| O|  |TAMS 0x0000000084200000, 0x0000000084100000| Untracked 
|  66|0x0000000084200000, 0x0000000084300000, 0x0000000084300000|100%| O|  |TAMS 0x0000000084300000, 0x0000000084200000| Untracked 
|  67|0x0000000084300000, 0x0000000084400000, 0x0000000084400000|100%| O|  |TAMS 0x0000000084400000, 0x0000000084300000| Untracked 
|  68|0x0000000084400000, 0x0000000084500000, 0x0000000084500000|100%| O|  |TAMS 0x0000000084500000, 0x0000000084400000| Untracked 
|  69|0x0000000084500000, 0x0000000084600000, 0x0000000084600000|100%| O|  |TAMS 0x0000000084600000, 0x0000000084500000| Untracked 
|  70|0x0000000084600000, 0x0000000084700000, 0x0000000084700000|100%| O|  |TAMS 0x0000000084700000, 0x0000000084600000| Untracked 
|  71|0x0000000084700000, 0x0000000084800000, 0x0000000084800000|100%| O|  |TAMS 0x0000000084800000, 0x0000000084700000| Untracked 
|  72|0x0000000084800000, 0x0000000084900000, 0x0000000084900000|100%| O|  |TAMS 0x0000000084900000, 0x0000000084800000| Untracked 
|  73|0x0000000084900000, 0x0000000084a00000, 0x0000000084a00000|100%| O|  |TAMS 0x0000000084a00000, 0x0000000084900000| Untracked 
|  74|0x0000000084a00000, 0x0000000084b00000, 0x0000000084b00000|100%| O|  |TAMS 0x0000000084b00000, 0x0000000084a00000| Untracked 
|  75|0x0000000084b00000, 0x0000000084c00000, 0x0000000084c00000|100%| O|  |TAMS 0x0000000084c00000, 0x0000000084b00000| Untracked 
|  76|0x0000000084c00000, 0x0000000084d00000, 0x0000000084d00000|100%| O|  |TAMS 0x0000000084d00000, 0x0000000084c00000| Untracked 
|  77|0x0000000084d00000, 0x0000000084e00000, 0x0000000084e00000|100%| O|  |TAMS 0x0000000084e00000, 0x0000000084d00000| Untracked 
|  78|0x0000000084e00000, 0x0000000084f00000, 0x0000000084f00000|100%| O|  |TAMS 0x0000000084e00000, 0x0000000084e00000| Untracked 
|  79|0x0000000084f00000, 0x0000000085000000, 0x0000000085000000|100%| O|  |TAMS 0x0000000084f00000, 0x0000000084f00000| Untracked 
|  80|0x0000000085000000, 0x0000000085100000, 0x0000000085100000|100%| O|  |TAMS 0x0000000085000000, 0x0000000085000000| Untracked 
|  81|0x0000000085100000, 0x0000000085200000, 0x0000000085200000|100%| O|  |TAMS 0x0000000085100000, 0x0000000085100000| Untracked 
|  82|0x0000000085200000, 0x0000000085300000, 0x0000000085300000|100%| O|  |TAMS 0x0000000085200000, 0x0000000085200000| Untracked 
|  83|0x0000000085300000, 0x0000000085400000, 0x0000000085400000|100%| O|  |TAMS 0x0000000085300000, 0x0000000085300000| Untracked 
|  84|0x0000000085400000, 0x0000000085500000, 0x0000000085500000|100%| O|  |TAMS 0x0000000085400000, 0x0000000085400000| Untracked 
|  85|0x0000000085500000, 0x0000000085560800, 0x0000000085600000| 37%| O|  |TAMS 0x0000000085500000, 0x0000000085500000| Untracked 
|  86|0x0000000085600000, 0x0000000085600000, 0x0000000085700000|  0%| F|  |TAMS 0x0000000085600000, 0x0000000085600000| Untracked 
|  87|0x0000000085700000, 0x0000000085800000, 0x0000000085800000|100%| O|  |TAMS 0x0000000085800000, 0x0000000085700000| Untracked 
|  88|0x0000000085800000, 0x0000000085900000, 0x0000000085900000|100%| O|  |TAMS 0x0000000085900000, 0x0000000085800000| Untracked 
|  89|0x0000000085900000, 0x0000000085a00000, 0x0000000085a00000|100%| O|  |TAMS 0x0000000085a00000, 0x0000000085900000| Untracked 
|  90|0x0000000085a00000, 0x0000000085b00000, 0x0000000085b00000|100%| O|  |TAMS 0x0000000085b00000, 0x0000000085a00000| Untracked 
|  91|0x0000000085b00000, 0x0000000085c00000, 0x0000000085c00000|100%| O|  |TAMS 0x0000000085c00000, 0x0000000085b00000| Untracked 
|  92|0x0000000085c00000, 0x0000000085d00000, 0x0000000085d00000|100%| O|  |TAMS 0x0000000085d00000, 0x0000000085c00000| Untracked 
|  93|0x0000000085d00000, 0x0000000085e00000, 0x0000000085e00000|100%| O|  |TAMS 0x0000000085e00000, 0x0000000085d00000| Untracked 
|  94|0x0000000085e00000, 0x0000000085e00000, 0x0000000085f00000|  0%| F|  |TAMS 0x0000000085e00000, 0x0000000085e00000| Untracked 
|  95|0x0000000085f00000, 0x0000000086000000, 0x0000000086000000|100%| O|  |TAMS 0x0000000086000000, 0x0000000085f00000| Untracked 
|  96|0x0000000086000000, 0x0000000086000000, 0x0000000086100000|  0%| F|  |TAMS 0x0000000086000000, 0x0000000086000000| Untracked 
|  97|0x0000000086100000, 0x0000000086100000, 0x0000000086200000|  0%| F|  |TAMS 0x0000000086100000, 0x0000000086100000| Untracked 
|  98|0x0000000086200000, 0x0000000086200000, 0x0000000086300000|  0%| F|  |TAMS 0x0000000086200000, 0x0000000086200000| Untracked 
|  99|0x0000000086300000, 0x0000000086300000, 0x0000000086400000|  0%| F|  |TAMS 0x0000000086300000, 0x0000000086300000| Untracked 
| 100|0x0000000086400000, 0x0000000086400000, 0x0000000086500000|  0%| F|  |TAMS 0x0000000086400000, 0x0000000086400000| Untracked 
| 101|0x0000000086500000, 0x0000000086500000, 0x0000000086600000|  0%| F|  |TAMS 0x0000000086500000, 0x0000000086500000| Untracked 
| 102|0x0000000086600000, 0x0000000086600000, 0x0000000086700000|  0%| F|  |TAMS 0x0000000086600000, 0x0000000086600000| Untracked 
| 103|0x0000000086700000, 0x0000000086700000, 0x0000000086800000|  0%| F|  |TAMS 0x0000000086700000, 0x0000000086700000| Untracked 
| 104|0x0000000086800000, 0x0000000086800000, 0x0000000086900000|  0%| F|  |TAMS 0x0000000086800000, 0x0000000086800000| Untracked 
| 105|0x0000000086900000, 0x0000000086a00000, 0x0000000086a00000|100%| O|  |TAMS 0x0000000086a00000, 0x0000000086900000| Untracked 
| 106|0x0000000086a00000, 0x0000000086b00000, 0x0000000086b00000|100%| O|  |TAMS 0x0000000086b00000, 0x0000000086a00000| Untracked 
| 107|0x0000000086b00000, 0x0000000086b00000, 0x0000000086c00000|  0%| F|  |TAMS 0x0000000086b00000, 0x0000000086b00000| Untracked 
| 108|0x0000000086c00000, 0x0000000086d00000, 0x0000000086d00000|100%| O|  |TAMS 0x0000000086d00000, 0x0000000086c00000| Untracked 
| 109|0x0000000086d00000, 0x0000000086e00000, 0x0000000086e00000|100%| O|  |TAMS 0x0000000086e00000, 0x0000000086d00000| Untracked 
| 110|0x0000000086e00000, 0x0000000086f00000, 0x0000000086f00000|100%| O|  |TAMS 0x0000000086f00000, 0x0000000086e00000| Untracked 
| 111|0x0000000086f00000, 0x0000000087000000, 0x0000000087000000|100%| O|  |TAMS 0x0000000087000000, 0x0000000086f00000| Untracked 
| 112|0x0000000087000000, 0x0000000087100000, 0x0000000087100000|100%| O|  |TAMS 0x0000000087100000, 0x0000000087000000| Untracked 
| 113|0x0000000087100000, 0x0000000087200000, 0x0000000087200000|100%| O|  |TAMS 0x0000000087200000, 0x0000000087100000| Untracked 
| 114|0x0000000087200000, 0x0000000087300000, 0x0000000087300000|100%| O|  |TAMS 0x0000000087300000, 0x0000000087200000| Untracked 
| 115|0x0000000087300000, 0x0000000087400000, 0x0000000087400000|100%| O|  |TAMS 0x0000000087400000, 0x0000000087300000| Untracked 
| 116|0x0000000087400000, 0x0000000087500000, 0x0000000087500000|100%| O|  |TAMS 0x00000000874d3000, 0x0000000087400000| Untracked 
| 117|0x0000000087500000, 0x0000000087500000, 0x0000000087600000|  0%| F|  |TAMS 0x0000000087500000, 0x0000000087500000| Untracked 
| 118|0x0000000087600000, 0x0000000087600000, 0x0000000087700000|  0%| F|  |TAMS 0x0000000087600000, 0x0000000087600000| Untracked 
| 119|0x0000000087700000, 0x0000000087700000, 0x0000000087800000|  0%| F|  |TAMS 0x0000000087700000, 0x0000000087700000| Untracked 
| 120|0x0000000087800000, 0x0000000087800000, 0x0000000087900000|  0%| F|  |TAMS 0x0000000087800000, 0x0000000087800000| Untracked 
| 121|0x0000000087900000, 0x0000000087900000, 0x0000000087a00000|  0%| F|  |TAMS 0x0000000087900000, 0x0000000087900000| Untracked 
| 122|0x0000000087a00000, 0x0000000087a00000, 0x0000000087b00000|  0%| F|  |TAMS 0x0000000087a00000, 0x0000000087a00000| Untracked 
| 123|0x0000000087b00000, 0x0000000087b00000, 0x0000000087c00000|  0%| F|  |TAMS 0x0000000087b00000, 0x0000000087b00000| Untracked 
| 124|0x0000000087c00000, 0x0000000087c00000, 0x0000000087d00000|  0%| F|  |TAMS 0x0000000087c00000, 0x0000000087c00000| Untracked 
| 125|0x0000000087d00000, 0x0000000087d00000, 0x0000000087e00000|  0%| F|  |TAMS 0x0000000087d00000, 0x0000000087d00000| Untracked 
| 126|0x0000000087e00000, 0x0000000087e00000, 0x0000000087f00000|  0%| F|  |TAMS 0x0000000087e00000, 0x0000000087e00000| Untracked 
| 127|0x0000000087f00000, 0x0000000087f00000, 0x0000000088000000|  0%| F|  |TAMS 0x0000000087f00000, 0x0000000087f00000| Untracked 
| 128|0x0000000088000000, 0x0000000088000000, 0x0000000088100000|  0%| F|  |TAMS 0x0000000088000000, 0x0000000088000000| Untracked 
| 129|0x0000000088100000, 0x0000000088100000, 0x0000000088200000|  0%| F|  |TAMS 0x0000000088100000, 0x0000000088100000| Untracked 
| 130|0x0000000088200000, 0x0000000088200000, 0x0000000088300000|  0%| F|  |TAMS 0x0000000088200000, 0x0000000088200000| Untracked 
| 131|0x0000000088300000, 0x0000000088300000, 0x0000000088400000|  0%| F|  |TAMS 0x0000000088300000, 0x0000000088300000| Untracked 
| 132|0x0000000088400000, 0x0000000088400000, 0x0000000088500000|  0%| F|  |TAMS 0x0000000088400000, 0x0000000088400000| Untracked 
| 133|0x0000000088500000, 0x0000000088500000, 0x0000000088600000|  0%| F|  |TAMS 0x0000000088500000, 0x0000000088500000| Untracked 
| 134|0x0000000088600000, 0x0000000088600000, 0x0000000088700000|  0%| F|  |TAMS 0x0000000088600000, 0x0000000088600000| Untracked 
| 135|0x0000000088700000, 0x0000000088700000, 0x0000000088800000|  0%| F|  |TAMS 0x0000000088700000, 0x0000000088700000| Untracked 
| 136|0x0000000088800000, 0x0000000088800000, 0x0000000088900000|  0%| F|  |TAMS 0x0000000088800000, 0x0000000088800000| Untracked 
| 137|0x0000000088900000, 0x0000000088900000, 0x0000000088a00000|  0%| F|  |TAMS 0x0000000088900000, 0x0000000088900000| Untracked 
| 138|0x0000000088a00000, 0x0000000088a00000, 0x0000000088b00000|  0%| F|  |TAMS 0x0000000088a00000, 0x0000000088a00000| Untracked 
| 139|0x0000000088b00000, 0x0000000088b00000, 0x0000000088c00000|  0%| F|  |TAMS 0x0000000088b00000, 0x0000000088b00000| Untracked 
| 140|0x0000000088c00000, 0x0000000088c00000, 0x0000000088d00000|  0%| F|  |TAMS 0x0000000088c00000, 0x0000000088c00000| Untracked 
| 141|0x0000000088d00000, 0x0000000088d00000, 0x0000000088e00000|  0%| F|  |TAMS 0x0000000088d00000, 0x0000000088d00000| Untracked 
| 142|0x0000000088e00000, 0x0000000088e00000, 0x0000000088f00000|  0%| F|  |TAMS 0x0000000088e00000, 0x0000000088e00000| Untracked 
| 143|0x0000000088f00000, 0x0000000088f00000, 0x0000000089000000|  0%| F|  |TAMS 0x0000000088f00000, 0x0000000088f00000| Untracked 
| 144|0x0000000089000000, 0x0000000089000000, 0x0000000089100000|  0%| F|  |TAMS 0x0000000089000000, 0x0000000089000000| Untracked 
| 145|0x0000000089100000, 0x0000000089100000, 0x0000000089200000|  0%| F|  |TAMS 0x0000000089100000, 0x0000000089100000| Untracked 
| 146|0x0000000089200000, 0x0000000089200000, 0x0000000089300000|  0%| F|  |TAMS 0x0000000089200000, 0x0000000089200000| Untracked 
| 147|0x0000000089300000, 0x0000000089300000, 0x0000000089400000|  0%| F|  |TAMS 0x0000000089300000, 0x0000000089300000| Untracked 
| 148|0x0000000089400000, 0x0000000089400000, 0x0000000089500000|  0%| F|  |TAMS 0x0000000089400000, 0x0000000089400000| Untracked 
| 149|0x0000000089500000, 0x0000000089500000, 0x0000000089600000|  0%| F|  |TAMS 0x0000000089500000, 0x0000000089500000| Untracked 
| 150|0x0000000089600000, 0x0000000089600000, 0x0000000089700000|  0%| F|  |TAMS 0x0000000089600000, 0x0000000089600000| Untracked 
| 151|0x0000000089700000, 0x0000000089700000, 0x0000000089800000|  0%| F|  |TAMS 0x0000000089700000, 0x0000000089700000| Untracked 
| 152|0x0000000089800000, 0x0000000089800000, 0x0000000089900000|  0%| F|  |TAMS 0x0000000089800000, 0x0000000089800000| Untracked 
| 153|0x0000000089900000, 0x0000000089900000, 0x0000000089a00000|  0%| F|  |TAMS 0x0000000089900000, 0x0000000089900000| Untracked 
| 154|0x0000000089a00000, 0x0000000089a00000, 0x0000000089b00000|  0%| F|  |TAMS 0x0000000089a00000, 0x0000000089a00000| Untracked 
| 155|0x0000000089b00000, 0x0000000089b00000, 0x0000000089c00000|  0%| F|  |TAMS 0x0000000089b00000, 0x0000000089b00000| Untracked 
| 156|0x0000000089c00000, 0x0000000089c00000, 0x0000000089d00000|  0%| F|  |TAMS 0x0000000089c00000, 0x0000000089c00000| Untracked 
| 157|0x0000000089d00000, 0x0000000089d00000, 0x0000000089e00000|  0%| F|  |TAMS 0x0000000089d00000, 0x0000000089d00000| Untracked 
| 158|0x0000000089e00000, 0x0000000089e00000, 0x0000000089f00000|  0%| F|  |TAMS 0x0000000089e00000, 0x0000000089e00000| Untracked 
| 159|0x0000000089f00000, 0x0000000089f00000, 0x000000008a000000|  0%| F|  |TAMS 0x0000000089f00000, 0x0000000089f00000| Untracked 
| 160|0x000000008a000000, 0x000000008a000000, 0x000000008a100000|  0%| F|  |TAMS 0x000000008a000000, 0x000000008a000000| Untracked 
| 161|0x000000008a100000, 0x000000008a100000, 0x000000008a200000|  0%| F|  |TAMS 0x000000008a100000, 0x000000008a100000| Untracked 
| 162|0x000000008a200000, 0x000000008a200000, 0x000000008a300000|  0%| F|  |TAMS 0x000000008a200000, 0x000000008a200000| Untracked 
| 163|0x000000008a300000, 0x000000008a300000, 0x000000008a400000|  0%| F|  |TAMS 0x000000008a300000, 0x000000008a300000| Untracked 
| 164|0x000000008a400000, 0x000000008a400000, 0x000000008a500000|  0%| F|  |TAMS 0x000000008a400000, 0x000000008a400000| Untracked 
| 165|0x000000008a500000, 0x000000008a500000, 0x000000008a600000|  0%| F|  |TAMS 0x000000008a500000, 0x000000008a500000| Untracked 
| 166|0x000000008a600000, 0x000000008a600000, 0x000000008a700000|  0%| F|  |TAMS 0x000000008a600000, 0x000000008a600000| Untracked 
| 167|0x000000008a700000, 0x000000008a700000, 0x000000008a800000|  0%| F|  |TAMS 0x000000008a700000, 0x000000008a700000| Untracked 
| 168|0x000000008a800000, 0x000000008a879a28, 0x000000008a900000| 47%| S|CS|TAMS 0x000000008a800000, 0x000000008a800000| Complete 
| 169|0x000000008a900000, 0x000000008aa00000, 0x000000008aa00000|100%| S|CS|TAMS 0x000000008a900000, 0x000000008a900000| Complete 
| 170|0x000000008aa00000, 0x000000008ab00000, 0x000000008ab00000|100%| S|CS|TAMS 0x000000008aa00000, 0x000000008aa00000| Complete 
| 171|0x000000008ab00000, 0x000000008ab00000, 0x000000008ac00000|  0%| F|  |TAMS 0x000000008ab00000, 0x000000008ab00000| Untracked 
| 172|0x000000008ac00000, 0x000000008ac00000, 0x000000008ad00000|  0%| F|  |TAMS 0x000000008ac00000, 0x000000008ac00000| Untracked 
| 173|0x000000008ad00000, 0x000000008ae00000, 0x000000008ae00000|100%| S|CS|TAMS 0x000000008ad00000, 0x000000008ad00000| Complete 
| 174|0x000000008ae00000, 0x000000008af00000, 0x000000008af00000|100%| S|CS|TAMS 0x000000008ae00000, 0x000000008ae00000| Complete 
| 175|0x000000008af00000, 0x000000008b000000, 0x000000008b000000|100%| S|CS|TAMS 0x000000008af00000, 0x000000008af00000| Complete 
| 176|0x000000008b000000, 0x000000008b000000, 0x000000008b100000|  0%| F|  |TAMS 0x000000008b000000, 0x000000008b000000| Untracked 
| 177|0x000000008b100000, 0x000000008b100000, 0x000000008b200000|  0%| F|  |TAMS 0x000000008b100000, 0x000000008b100000| Untracked 
| 178|0x000000008b200000, 0x000000008b200000, 0x000000008b300000|  0%| F|  |TAMS 0x000000008b200000, 0x000000008b200000| Untracked 
| 179|0x000000008b300000, 0x000000008b300000, 0x000000008b400000|  0%| F|  |TAMS 0x000000008b300000, 0x000000008b300000| Untracked 
| 180|0x000000008b400000, 0x000000008b400000, 0x000000008b500000|  0%| F|  |TAMS 0x000000008b400000, 0x000000008b400000| Untracked 
| 181|0x000000008b500000, 0x000000008b500000, 0x000000008b600000|  0%| F|  |TAMS 0x000000008b500000, 0x000000008b500000| Untracked 
| 182|0x000000008b600000, 0x000000008b600000, 0x000000008b700000|  0%| F|  |TAMS 0x000000008b600000, 0x000000008b600000| Untracked 
| 183|0x000000008b700000, 0x000000008b700000, 0x000000008b800000|  0%| F|  |TAMS 0x000000008b700000, 0x000000008b700000| Untracked 
| 184|0x000000008b800000, 0x000000008b800000, 0x000000008b900000|  0%| F|  |TAMS 0x000000008b800000, 0x000000008b800000| Untracked 
| 185|0x000000008b900000, 0x000000008b900000, 0x000000008ba00000|  0%| F|  |TAMS 0x000000008b900000, 0x000000008b900000| Untracked 
| 186|0x000000008ba00000, 0x000000008ba00000, 0x000000008bb00000|  0%| F|  |TAMS 0x000000008ba00000, 0x000000008ba00000| Untracked 
| 187|0x000000008bb00000, 0x000000008bb00000, 0x000000008bc00000|  0%| F|  |TAMS 0x000000008bb00000, 0x000000008bb00000| Untracked 
| 188|0x000000008bc00000, 0x000000008bc00000, 0x000000008bd00000|  0%| F|  |TAMS 0x000000008bc00000, 0x000000008bc00000| Untracked 
| 189|0x000000008bd00000, 0x000000008bd00000, 0x000000008be00000|  0%| F|  |TAMS 0x000000008bd00000, 0x000000008bd00000| Untracked 
| 190|0x000000008be00000, 0x000000008be00000, 0x000000008bf00000|  0%| F|  |TAMS 0x000000008be00000, 0x000000008be00000| Untracked 
| 191|0x000000008bf00000, 0x000000008bf00000, 0x000000008c000000|  0%| F|  |TAMS 0x000000008bf00000, 0x000000008bf00000| Untracked 
| 192|0x000000008c000000, 0x000000008c000000, 0x000000008c100000|  0%| F|  |TAMS 0x000000008c000000, 0x000000008c000000| Untracked 
| 193|0x000000008c100000, 0x000000008c100000, 0x000000008c200000|  0%| F|  |TAMS 0x000000008c100000, 0x000000008c100000| Untracked 
| 194|0x000000008c200000, 0x000000008c200000, 0x000000008c300000|  0%| F|  |TAMS 0x000000008c200000, 0x000000008c200000| Untracked 
| 195|0x000000008c300000, 0x000000008c3b5aa8, 0x000000008c400000| 70%| E|  |TAMS 0x000000008c300000, 0x000000008c300000| Complete 
| 196|0x000000008c400000, 0x000000008c500000, 0x000000008c500000|100%| E|CS|TAMS 0x000000008c400000, 0x000000008c400000| Complete 
| 197|0x000000008c500000, 0x000000008c600000, 0x000000008c600000|100%| E|CS|TAMS 0x000000008c500000, 0x000000008c500000| Complete 
| 198|0x000000008c600000, 0x000000008c700000, 0x000000008c700000|100%| E|CS|TAMS 0x000000008c600000, 0x000000008c600000| Complete 
| 199|0x000000008c700000, 0x000000008c800000, 0x000000008c800000|100%| E|CS|TAMS 0x000000008c700000, 0x000000008c700000| Complete 
| 200|0x000000008c800000, 0x000000008c900000, 0x000000008c900000|100%| E|CS|TAMS 0x000000008c800000, 0x000000008c800000| Complete 
| 201|0x000000008c900000, 0x000000008ca00000, 0x000000008ca00000|100%| E|CS|TAMS 0x000000008c900000, 0x000000008c900000| Complete 
| 202|0x000000008ca00000, 0x000000008cb00000, 0x000000008cb00000|100%| E|CS|TAMS 0x000000008ca00000, 0x000000008ca00000| Complete 
| 203|0x000000008cb00000, 0x000000008cc00000, 0x000000008cc00000|100%| E|CS|TAMS 0x000000008cb00000, 0x000000008cb00000| Complete 
| 204|0x000000008cc00000, 0x000000008cd00000, 0x000000008cd00000|100%| E|CS|TAMS 0x000000008cc00000, 0x000000008cc00000| Complete 
| 205|0x000000008cd00000, 0x000000008ce00000, 0x000000008ce00000|100%| E|CS|TAMS 0x000000008cd00000, 0x000000008cd00000| Complete 
| 206|0x000000008ce00000, 0x000000008cf00000, 0x000000008cf00000|100%| E|CS|TAMS 0x000000008ce00000, 0x000000008ce00000| Complete 
| 207|0x000000008cf00000, 0x000000008d000000, 0x000000008d000000|100%| E|CS|TAMS 0x000000008cf00000, 0x000000008cf00000| Complete 
| 208|0x000000008d000000, 0x000000008d100000, 0x000000008d100000|100%| E|CS|TAMS 0x000000008d000000, 0x000000008d000000| Complete 
| 209|0x000000008d100000, 0x000000008d200000, 0x000000008d200000|100%| E|CS|TAMS 0x000000008d100000, 0x000000008d100000| Complete 
| 210|0x000000008d200000, 0x000000008d300000, 0x000000008d300000|100%| E|CS|TAMS 0x000000008d200000, 0x000000008d200000| Complete 
| 211|0x000000008d300000, 0x000000008d400000, 0x000000008d400000|100%| E|CS|TAMS 0x000000008d300000, 0x000000008d300000| Complete 
| 212|0x000000008d400000, 0x000000008d500000, 0x000000008d500000|100%| E|CS|TAMS 0x000000008d400000, 0x000000008d400000| Complete 
| 213|0x000000008d500000, 0x000000008d600000, 0x000000008d600000|100%| E|CS|TAMS 0x000000008d500000, 0x000000008d500000| Complete 
| 214|0x000000008d600000, 0x000000008d700000, 0x000000008d700000|100%| E|CS|TAMS 0x000000008d600000, 0x000000008d600000| Complete 
| 215|0x000000008d700000, 0x000000008d800000, 0x000000008d800000|100%| E|CS|TAMS 0x000000008d700000, 0x000000008d700000| Complete 
| 216|0x000000008d800000, 0x000000008d900000, 0x000000008d900000|100%| E|CS|TAMS 0x000000008d800000, 0x000000008d800000| Complete 
| 217|0x000000008d900000, 0x000000008da00000, 0x000000008da00000|100%| E|CS|TAMS 0x000000008d900000, 0x000000008d900000| Complete 
| 218|0x000000008da00000, 0x000000008db00000, 0x000000008db00000|100%| E|CS|TAMS 0x000000008da00000, 0x000000008da00000| Complete 
| 219|0x000000008db00000, 0x000000008dc00000, 0x000000008dc00000|100%| E|CS|TAMS 0x000000008db00000, 0x000000008db00000| Complete 
| 220|0x000000008dc00000, 0x000000008dd00000, 0x000000008dd00000|100%| E|CS|TAMS 0x000000008dc00000, 0x000000008dc00000| Complete 
| 221|0x000000008dd00000, 0x000000008de00000, 0x000000008de00000|100%| E|CS|TAMS 0x000000008dd00000, 0x000000008dd00000| Complete 
| 222|0x000000008de00000, 0x000000008df00000, 0x000000008df00000|100%| E|CS|TAMS 0x000000008de00000, 0x000000008de00000| Complete 
| 223|0x000000008df00000, 0x000000008e000000, 0x000000008e000000|100%| E|  |TAMS 0x000000008df00000, 0x000000008df00000| Complete 
| 224|0x000000008e000000, 0x000000008e100000, 0x000000008e100000|100%| E|CS|TAMS 0x000000008e000000, 0x000000008e000000| Complete 
| 225|0x000000008e100000, 0x000000008e200000, 0x000000008e200000|100%| E|CS|TAMS 0x000000008e100000, 0x000000008e100000| Complete 
| 226|0x000000008e200000, 0x000000008e300000, 0x000000008e300000|100%| E|CS|TAMS 0x000000008e200000, 0x000000008e200000| Complete 
| 227|0x000000008e300000, 0x000000008e400000, 0x000000008e400000|100%| E|CS|TAMS 0x000000008e300000, 0x000000008e300000| Complete 
| 228|0x000000008e400000, 0x000000008e500000, 0x000000008e500000|100%| E|CS|TAMS 0x000000008e400000, 0x000000008e400000| Complete 
| 229|0x000000008e500000, 0x000000008e600000, 0x000000008e600000|100%| E|CS|TAMS 0x000000008e500000, 0x000000008e500000| Complete 
| 230|0x000000008e600000, 0x000000008e700000, 0x000000008e700000|100%| E|CS|TAMS 0x000000008e600000, 0x000000008e600000| Complete 
| 231|0x000000008e700000, 0x000000008e800000, 0x000000008e800000|100%| E|CS|TAMS 0x000000008e700000, 0x000000008e700000| Complete 
| 232|0x000000008e800000, 0x000000008e900000, 0x000000008e900000|100%| E|CS|TAMS 0x000000008e800000, 0x000000008e800000| Complete 
| 233|0x000000008e900000, 0x000000008ea00000, 0x000000008ea00000|100%| E|CS|TAMS 0x000000008e900000, 0x000000008e900000| Complete 
| 234|0x000000008ea00000, 0x000000008eb00000, 0x000000008eb00000|100%| E|CS|TAMS 0x000000008ea00000, 0x000000008ea00000| Complete 
| 235|0x000000008eb00000, 0x000000008ec00000, 0x000000008ec00000|100%| E|CS|TAMS 0x000000008eb00000, 0x000000008eb00000| Complete 
| 236|0x000000008ec00000, 0x000000008ed00000, 0x000000008ed00000|100%| E|CS|TAMS 0x000000008ec00000, 0x000000008ec00000| Complete 
| 237|0x000000008ed00000, 0x000000008ee00000, 0x000000008ee00000|100%| E|CS|TAMS 0x000000008ed00000, 0x000000008ed00000| Complete 
| 238|0x000000008ee00000, 0x000000008ef00000, 0x000000008ef00000|100%| E|CS|TAMS 0x000000008ee00000, 0x000000008ee00000| Complete 
| 239|0x000000008ef00000, 0x000000008f000000, 0x000000008f000000|100%| E|CS|TAMS 0x000000008ef00000, 0x000000008ef00000| Complete 
| 240|0x000000008f000000, 0x000000008f100000, 0x000000008f100000|100%| E|CS|TAMS 0x000000008f000000, 0x000000008f000000| Complete 
| 241|0x000000008f100000, 0x000000008f200000, 0x000000008f200000|100%| E|CS|TAMS 0x000000008f100000, 0x000000008f100000| Complete 
| 242|0x000000008f200000, 0x000000008f300000, 0x000000008f300000|100%| E|CS|TAMS 0x000000008f200000, 0x000000008f200000| Complete 
| 243|0x000000008f300000, 0x000000008f400000, 0x000000008f400000|100%| E|CS|TAMS 0x000000008f300000, 0x000000008f300000| Complete 
| 244|0x000000008f400000, 0x000000008f500000, 0x000000008f500000|100%| E|CS|TAMS 0x000000008f400000, 0x000000008f400000| Complete 
| 245|0x000000008f500000, 0x000000008f600000, 0x000000008f600000|100%| E|CS|TAMS 0x000000008f500000, 0x000000008f500000| Complete 
| 246|0x000000008f600000, 0x000000008f700000, 0x000000008f700000|100%| E|CS|TAMS 0x000000008f600000, 0x000000008f600000| Complete 
| 247|0x000000008f700000, 0x000000008f800000, 0x000000008f800000|100%| E|CS|TAMS 0x000000008f700000, 0x000000008f700000| Complete 
| 248|0x000000008f800000, 0x000000008f900000, 0x000000008f900000|100%| E|CS|TAMS 0x000000008f800000, 0x000000008f800000| Complete 
| 249|0x000000008f900000, 0x000000008fa00000, 0x000000008fa00000|100%| E|CS|TAMS 0x000000008f900000, 0x000000008f900000| Complete 
| 250|0x000000008fa00000, 0x000000008fb00000, 0x000000008fb00000|100%| E|CS|TAMS 0x000000008fa00000, 0x000000008fa00000| Complete 
| 251|0x000000008fb00000, 0x000000008fc00000, 0x000000008fc00000|100%| E|CS|TAMS 0x000000008fb00000, 0x000000008fb00000| Complete 
| 252|0x000000008fc00000, 0x000000008fd00000, 0x000000008fd00000|100%| E|CS|TAMS 0x000000008fc00000, 0x000000008fc00000| Complete 
| 253|0x000000008fd00000, 0x000000008fe00000, 0x000000008fe00000|100%| E|CS|TAMS 0x000000008fd00000, 0x000000008fd00000| Complete 
| 254|0x000000008fe00000, 0x000000008ff00000, 0x000000008ff00000|100%| E|CS|TAMS 0x000000008fe00000, 0x000000008fe00000| Complete 
| 255|0x000000008ff00000, 0x0000000090000000, 0x0000000090000000|100%| E|CS|TAMS 0x000000008ff00000, 0x000000008ff00000| Complete 

Card table byte_map: [0x00000270220a0000,0x00000270224a0000] _byte_map_base: 0x0000027021ca0000

Marking Bits (Prev, Next): (CMBitMap*) 0x000002700d3f8998, (CMBitMap*) 0x000002700d3f89d0
 Prev Bits: [0x00000270228a0000, 0x00000270248a0000)
 Next Bits: [0x00000270248a0000, 0x00000270268a0000)

Polling page: 0x000002700d250000

Metaspace:

Usage:
  Non-class:     99.57 MB capacity,    98.10 MB ( 99%) used,     1.17 MB (  1%) free+waste,   306.00 KB ( <1%) overhead. 
      Class:     14.43 MB capacity,    13.57 MB ( 94%) used,   742.13 KB (  5%) free+waste,   131.00 KB ( <1%) overhead. 
       Both:    114.00 MB capacity,   111.68 MB ( 98%) used,     1.90 MB (  2%) free+waste,   437.00 KB ( <1%) overhead. 

Virtual space:
  Non-class space:      100.00 MB reserved,      99.58 MB (>99%) committed 
      Class space:        1.00 GB reserved,      14.50 MB (  1%) committed 
             Both:        1.10 GB reserved,     114.08 MB ( 10%) committed 

Chunk freelists:
   Non-Class:  9.00 KB
       Class:  0 bytes
        Both:  9.00 KB

MaxMetaspaceSize: 17179869184.00 GB
CompressedClassSpaceSize: 1.00 GB

CodeHeap 'non-profiled nmethods': size=120064Kb used=12352Kb max_used=12352Kb free=107711Kb
 bounds [0x000002701a130000, 0x000002701ad50000, 0x0000027021670000]
CodeHeap 'profiled nmethods': size=120000Kb used=38364Kb max_used=38364Kb free=81635Kb
 bounds [0x0000027012c00000, 0x0000027015190000, 0x000002701a130000]
CodeHeap 'non-nmethods': size=5696Kb used=2340Kb max_used=2385Kb free=3355Kb
 bounds [0x0000027012670000, 0x00000270128e0000, 0x0000027012c00000]
 total_blobs=17667 nmethods=16709 adapters=868
 compilation: enabled
              stopped_count=0, restarted_count=0
 full_count=0

Compilation events (20 events):
Event: 100.933 Thread 0x00000270297d4800 nmethod 17589 0x0000027015179d10 code [0x000002701517a000, 0x000002701517b148]
Event: 100.934 Thread 0x00000270297d4800 17590       3       org.gradle.api.internal.DefaultNamedDomainObjectCollection$AbstractDomainObjectCreatingProvider::calculateOwnValue (71 bytes)
Event: 100.935 Thread 0x00000270297d4800 nmethod 17590 0x000002701517b710 code [0x000002701517ba20, 0x000002701517d0c8]
Event: 100.935 Thread 0x00000270297d4800 17591       3       org.gradle.execution.plan.LocalTaskNode::getProjectToLock (32 bytes)
Event: 100.936 Thread 0x00000270297d4800 nmethod 17591 0x000002701517d690 code [0x000002701517d880, 0x000002701517dcb8]
Event: 100.936 Thread 0x00000270297d4800 17592       3       java.lang.management.MemoryUsage::<init> (170 bytes)
Event: 100.937 Thread 0x00000270297d4800 nmethod 17592 0x000002701517de10 code [0x000002701517e0c0, 0x000002701517eb18]
Event: 100.939 Thread 0x00000270297d4800 17594       3       org.gradle.internal.logging.sink.ProgressLogEventGenerator$Operation::completeHeader (154 bytes)
Event: 100.940 Thread 0x00000270297d4800 nmethod 17594 0x000002701517ef90 code [0x000002701517f460, 0x0000027015181b88]
Event: 100.976 Thread 0x0000027035667800 nmethod 17557 0x000002701ad37890 code [0x000002701ad37cc0, 0x000002701ad3b8c0]
Event: 100.976 Thread 0x0000027035667800 17577       4       org.gradle.internal.snapshot.VfsRelativePath::compareToFirstSegment (203 bytes)
Event: 100.997 Thread 0x0000027035667800 nmethod 17577 0x000002701ad3df90 code [0x000002701ad3e1c0, 0x000002701ad3f378]
Event: 100.997 Thread 0x0000027035667800 17576       4       org.gradle.internal.logging.slf4j.OutputEventListenerBackedLogger::isLevelAtMost (20 bytes)
Event: 100.998 Thread 0x0000027035667800 nmethod 17576 0x000002701ad3fc10 code [0x000002701ad3fda0, 0x000002701ad3fe78]
Event: 100.998 Thread 0x0000027035667800 17566       4       org.gradle.internal.snapshot.VfsRelativePath::computeCombinedCompare (20 bytes)
Event: 100.999 Thread 0x0000027035667800 nmethod 17566 0x000002701ad40010 code [0x000002701ad401a0, 0x000002701ad401f8]
Event: 100.999 Thread 0x0000027035667800 17575       4       org.gradle.api.internal.artifacts.transform.TransformationChain::requiresDependencies (30 bytes)
Event: 101.001 Thread 0x0000027035667800 nmethod 17575 0x000002701ad40290 code [0x000002701ad40480, 0x000002701ad40708]
Event: 101.001 Thread 0x0000027035667800 17548       4       org.gradle.internal.collect.PersistentList$1::forEach (1 bytes)
Event: 101.001 Thread 0x0000027035667800 nmethod 17548 0x000002701ad40a10 code [0x000002701ad40ba0, 0x000002701ad40bf8]

GC Heap History (20 events):
Event: 22.237 GC heap before
{Heap before GC invocations=17 (full 0):
 garbage-first heap   total 262144K, used 180876K [0x0000000080000000, 0x0000000100000000)
  region size 1024K, 117 young (119808K), 15 survivors (15360K)
 Metaspace       used 88432K, capacity 90585K, committed 90836K, reserved 1128448K
  class space    used 11355K, capacity 12148K, committed 12160K, reserved 1048576K
}
Event: 22.256 GC heap after
{Heap after GC invocations=18 (full 0):
 garbage-first heap   total 262144K, used 87552K [0x0000000080000000, 0x0000000100000000)
  region size 1024K, 10 young (10240K), 10 survivors (10240K)
 Metaspace       used 88432K, capacity 90585K, committed 90836K, reserved 1128448K
  class space    used 11355K, capacity 12148K, committed 12160K, reserved 1048576K
}
Event: 24.998 GC heap before
{Heap before GC invocations=18 (full 0):
 garbage-first heap   total 262144K, used 199168K [0x0000000080000000, 0x0000000100000000)
  region size 1024K, 109 young (111616K), 10 survivors (10240K)
 Metaspace       used 90131K, capacity 92261K, committed 92372K, reserved 1130496K
  class space    used 11488K, capacity 12322K, committed 12416K, reserved 1048576K
}
Event: 25.021 GC heap after
{Heap after GC invocations=19 (full 0):
 garbage-first heap   total 262144K, used 110592K [0x0000000080000000, 0x0000000100000000)
  region size 1024K, 14 young (14336K), 14 survivors (14336K)
 Metaspace       used 90131K, capacity 92261K, committed 92372K, reserved 1130496K
  class space    used 11488K, capacity 12322K, committed 12416K, reserved 1048576K
}
Event: 26.426 GC heap before
{Heap before GC invocations=19 (full 0):
 garbage-first heap   total 262144K, used 192512K [0x0000000080000000, 0x0000000100000000)
  region size 1024K, 94 young (96256K), 14 survivors (14336K)
 Metaspace       used 92756K, capacity 94852K, committed 95188K, reserved 1132544K
  class space    used 11779K, capacity 12587K, committed 12672K, reserved 1048576K
}
Event: 26.442 GC heap after
{Heap after GC invocations=20 (full 0):
 garbage-first heap   total 262144K, used 114176K [0x0000000080000000, 0x0000000100000000)
  region size 1024K, 3 young (3072K), 3 survivors (3072K)
 Metaspace       used 92756K, capacity 94852K, committed 95188K, reserved 1132544K
  class space    used 11779K, capacity 12587K, committed 12672K, reserved 1048576K
}
Event: 26.590 GC heap before
{Heap before GC invocations=20 (full 0):
 garbage-first heap   total 262144K, used 126464K [0x0000000080000000, 0x0000000100000000)
  region size 1024K, 13 young (13312K), 3 survivors (3072K)
 Metaspace       used 92855K, capacity 94986K, committed 95188K, reserved 1132544K
  class space    used 11787K, capacity 12589K, committed 12672K, reserved 1048576K
}
Event: 26.598 GC heap after
{Heap after GC invocations=21 (full 0):
 garbage-first heap   total 262144K, used 119405K [0x0000000080000000, 0x0000000100000000)
  region size 1024K, 6 young (6144K), 6 survivors (6144K)
 Metaspace       used 92855K, capacity 94986K, committed 95188K, reserved 1132544K
  class space    used 11787K, capacity 12589K, committed 12672K, reserved 1048576K
}
Event: 28.199 GC heap before
{Heap before GC invocations=22 (full 0):
 garbage-first heap   total 262144K, used 212589K [0x0000000080000000, 0x0000000100000000)
  region size 1024K, 87 young (89088K), 6 survivors (6144K)
 Metaspace       used 97694K, capacity 99739K, committed 100180K, reserved 1136640K
  class space    used 12148K, capacity 12934K, committed 13056K, reserved 1048576K
}
Event: 28.206 GC heap after
{Heap after GC invocations=23 (full 0):
 garbage-first heap   total 262144K, used 115966K [0x0000000080000000, 0x0000000100000000)
  region size 1024K, 6 young (6144K), 6 survivors (6144K)
 Metaspace       used 97694K, capacity 99739K, committed 100180K, reserved 1136640K
  class space    used 12148K, capacity 12934K, committed 13056K, reserved 1048576K
}
Event: 30.577 GC heap before
{Heap before GC invocations=23 (full 0):
 garbage-first heap   total 262144K, used 203006K [0x0000000080000000, 0x0000000100000000)
  region size 1024K, 92 young (94208K), 6 survivors (6144K)
 Metaspace       used 98940K, capacity 101107K, committed 101332K, reserved 1138688K
  class space    used 12267K, capacity 13096K, committed 13184K, reserved 1048576K
}
Event: 30.583 GC heap after
{Heap after GC invocations=24 (full 0):
 garbage-first heap   total 262144K, used 115633K [0x0000000080000000, 0x0000000100000000)
  region size 1024K, 5 young (5120K), 5 survivors (5120K)
 Metaspace       used 98940K, capacity 101107K, committed 101332K, reserved 1138688K
  class space    used 12267K, capacity 13096K, committed 13184K, reserved 1048576K
}
Event: 33.169 GC heap before
{Heap before GC invocations=24 (full 0):
 garbage-first heap   total 262144K, used 205745K [0x0000000080000000, 0x0000000100000000)
  region size 1024K, 94 young (96256K), 5 survivors (5120K)
 Metaspace       used 99924K, capacity 102016K, committed 102100K, reserved 1138688K
  class space    used 12361K, capacity 13171K, committed 13184K, reserved 1048576K
}
Event: 33.180 GC heap after
{Heap after GC invocations=25 (full 0):
 garbage-first heap   total 262144K, used 122330K [0x0000000080000000, 0x0000000100000000)
  region size 1024K, 12 young (12288K), 12 survivors (12288K)
 Metaspace       used 99924K, capacity 102016K, committed 102100K, reserved 1138688K
  class space    used 12361K, capacity 13171K, committed 13184K, reserved 1048576K
}
Event: 36.645 GC heap before
{Heap before GC invocations=25 (full 0):
 garbage-first heap   total 262144K, used 208346K [0x0000000080000000, 0x0000000100000000)
  region size 1024K, 97 young (99328K), 12 survivors (12288K)
 Metaspace       used 104113K, capacity 106306K, committed 106580K, reserved 1142784K
  class space    used 12890K, capacity 13710K, committed 13824K, reserved 1048576K
}
Event: 36.658 GC heap after
{Heap after GC invocations=26 (full 0):
 garbage-first heap   total 262144K, used 126257K [0x0000000080000000, 0x0000000100000000)
  region size 1024K, 7 young (7168K), 7 survivors (7168K)
 Metaspace       used 104113K, capacity 106306K, committed 106580K, reserved 1142784K
  class space    used 12890K, capacity 13710K, committed 13824K, reserved 1048576K
}
Event: 47.404 GC heap before
{Heap before GC invocations=26 (full 0):
 garbage-first heap   total 262144K, used 210225K [0x0000000080000000, 0x0000000100000000)
  region size 1024K, 90 young (92160K), 7 survivors (7168K)
 Metaspace       used 107387K, capacity 109630K, committed 109780K, reserved 1144832K
  class space    used 13244K, capacity 14115K, committed 14208K, reserved 1048576K
}
Event: 47.419 GC heap after
{Heap after GC invocations=27 (full 0):
 garbage-first heap   total 262144K, used 131225K [0x0000000080000000, 0x0000000100000000)
  region size 1024K, 12 young (12288K), 12 survivors (12288K)
 Metaspace       used 107387K, capacity 109630K, committed 109780K, reserved 1144832K
  class space    used 13244K, capacity 14115K, committed 14208K, reserved 1048576K
}
Event: 97.827 GC heap before
{Heap before GC invocations=28 (full 0):
 garbage-first heap   total 262144K, used 191641K [0x0000000080000000, 0x0000000100000000)
  region size 1024K, 92 young (94208K), 12 survivors (12288K)
 Metaspace       used 113685K, capacity 116055K, committed 116308K, reserved 1150976K
  class space    used 13891K, capacity 14758K, committed 14848K, reserved 1048576K
}
Event: 97.839 GC heap after
{Heap after GC invocations=29 (full 0):
 garbage-first heap   total 262144K, used 112488K [0x0000000080000000, 0x0000000100000000)
  region size 1024K, 6 young (6144K), 6 survivors (6144K)
 Metaspace       used 113685K, capacity 116055K, committed 116308K, reserved 1150976K
  class space    used 13891K, capacity 14758K, committed 14848K, reserved 1048576K
}

Deoptimization events (20 events):
Event: 98.514 Thread 0x000002702b16f000 Uncommon trap: trap_request=0xffffff4d fr.pc=0x000002701ac505b8 relative=0x00000000000021f8
Event: 98.514 Thread 0x000002702b16f000 Uncommon trap: reason=unstable_if action=reinterpret pc=0x000002701ac505b8 method=com.google.gson.stream.JsonWriter.newline()V @ 4 c2
Event: 98.514 Thread 0x000002702b16f000 DEOPT PACKING pc=0x000002701ac505b8 sp=0x000000d1d19f9d40
Event: 98.514 Thread 0x000002702b16f000 DEOPT UNPACKING pc=0x000002701269662f sp=0x000000d1d19f9cb0 mode 2
Event: 98.521 Thread 0x000002702b16f000 Uncommon trap: trap_request=0xffffff4d fr.pc=0x000002701a9ec2b0 relative=0x0000000000000550
Event: 98.521 Thread 0x000002702b16f000 Uncommon trap: reason=unstable_if action=reinterpret pc=0x000002701a9ec2b0 method=java.lang.StringCoding.encode(Ljava/nio/charset/Charset;B[B)[B @ 4 c2
Event: 98.521 Thread 0x000002702b16f000 DEOPT PACKING pc=0x000002701a9ec2b0 sp=0x000000d1d19f8b20
Event: 98.521 Thread 0x000002702b16f000 DEOPT UNPACKING pc=0x000002701269662f sp=0x000000d1d19f8a98 mode 2
Event: 99.251 Thread 0x000002702ef5b000 Uncommon trap: trap_request=0xffffffde fr.pc=0x000002701a7c9e9c relative=0x000000000000025c
Event: 99.252 Thread 0x000002702ef5b000 Uncommon trap: reason=class_check action=maybe_recompile pc=0x000002701a7c9e9c method=java.util.concurrent.ConcurrentHashMap.get(Ljava/lang/Object;)Ljava/lang/Object; @ 93 c2
Event: 99.252 Thread 0x000002702ef5b000 DEOPT PACKING pc=0x000002701a7c9e9c sp=0x000000d1d46fe110
Event: 99.252 Thread 0x000002702ef5b000 DEOPT UNPACKING pc=0x000002701269662f sp=0x000000d1d46fe078 mode 2
Event: 99.739 Thread 0x000002702b16f000 Uncommon trap: trap_request=0xffffffde fr.pc=0x000002701a1ec894 relative=0x0000000000004b34
Event: 99.739 Thread 0x000002702b16f000 Uncommon trap: reason=class_check action=maybe_recompile pc=0x000002701a1ec894 method=org.gradle.internal.snapshot.impl.DefaultValueSnapshotter.processValue(Ljava/lang/Object;Lorg/gradle/internal/snapshot/impl/DefaultValueSnapshotter$ValueVisitor;)Ljava/l
Event: 99.739 Thread 0x000002702b16f000 DEOPT PACKING pc=0x000002701a1ec894 sp=0x000000d1d19f8f10
Event: 99.739 Thread 0x000002702b16f000 DEOPT UNPACKING pc=0x000002701269662f sp=0x000000d1d19f8f08 mode 2
Event: 100.874 Thread 0x000002702a746800 Uncommon trap: trap_request=0xffffff4d fr.pc=0x000002701abffa7c relative=0x0000000000000bdc
Event: 100.874 Thread 0x000002702a746800 Uncommon trap: reason=unstable_if action=reinterpret pc=0x000002701abffa7c method=org.gradle.internal.snapshot.PathUtil.compareDifferentCharsIgnoringCase(CC)I @ 12 c2
Event: 100.874 Thread 0x000002702a746800 DEOPT PACKING pc=0x000002701abffa7c sp=0x000000d1d5bfc220
Event: 100.874 Thread 0x000002702a746800 DEOPT UNPACKING pc=0x000002701269662f sp=0x000000d1d5bfc0c0 mode 2

Classes redefined (0 events):
No events

Internal exceptions (20 events):
Event: 49.857 Thread 0x000002702b16f000 Exception <a 'sun/nio/fs/WindowsException'{0x000000008d7818c8}> (0x000000008d7818c8) thrown at [./src/hotspot/share/prims/jni.cpp, line 615]
Event: 49.858 Thread 0x000002702b16f000 Exception <a 'sun/nio/fs/WindowsException'{0x000000008d7932d0}> (0x000000008d7932d0) thrown at [./src/hotspot/share/prims/jni.cpp, line 615]
Event: 49.916 Thread 0x000002702b16f000 Implicit null exception at 0x000002701a14acb9 to 0x000002701a14adf1
Event: 49.949 Thread 0x000002702b16f000 Exception <a 'java/lang/NoSuchMethodError'{0x000000008cd20aa8}: 'int java.lang.invoke.DirectMethodHandle$Holder.invokeVirtual(java.lang.Object, java.lang.Object, java.lang.Object)'> (0x000000008cd20aa8) thrown at [./src/hotspot/share/interpreter/linkResolver.cpp, line 773]
Event: 50.033 Thread 0x000002702b16f000 Implicit null exception at 0x000002701aae872f to 0x000002701aae877c
Event: 50.119 Thread 0x000002702af95000 Exception <a 'java/lang/NoSuchMethodError'{0x000000008c4a1450}: <clinit>> (0x000000008c4a1450) thrown at [./src/hotspot/share/prims/jni.cpp, line 1362]
Event: 50.120 Thread 0x000002702af95000 Exception <a 'java/lang/NoSuchMethodError'{0x000000008c4b2248}: <clinit>> (0x000000008c4b2248) thrown at [./src/hotspot/share/prims/jni.cpp, line 1362]
Event: 50.120 Thread 0x000002702af95000 Exception <a 'java/lang/NoSuchMethodError'{0x000000008c4b3930}: <clinit>> (0x000000008c4b3930) thrown at [./src/hotspot/share/prims/jni.cpp, line 1362]
Event: 50.121 Thread 0x000002702af95000 Exception <a 'java/lang/NoSuchMethodError'{0x000000008c4c5ab8}: <clinit>> (0x000000008c4c5ab8) thrown at [./src/hotspot/share/prims/jni.cpp, line 1362]
Event: 50.122 Thread 0x000002702af95000 Exception <a 'java/lang/NoSuchMethodError'{0x000000008c4d1c28}: <clinit>> (0x000000008c4d1c28) thrown at [./src/hotspot/share/prims/jni.cpp, line 1362]
Event: 50.135 Thread 0x000002702af95000 Exception <a 'java/lang/NoSuchMethodError'{0x000000008c4e97a0}: <clinit>> (0x000000008c4e97a0) thrown at [./src/hotspot/share/prims/jni.cpp, line 1362]
Event: 97.227 Thread 0x000002702b16f000 Implicit null exception at 0x000002701ab97845 to 0x000002701ab97b4c
Event: 97.227 Thread 0x000002702b16f000 Implicit null exception at 0x000002701a7a37df to 0x000002701a7a42d8
Event: 97.918 Thread 0x000002702b16f000 Exception <a 'sun/nio/fs/WindowsException'{0x000000008f7a61d8}> (0x000000008f7a61d8) thrown at [./src/hotspot/share/prims/jni.cpp, line 615]
Event: 98.203 Thread 0x000002702b16f000 Exception <a 'sun/nio/fs/WindowsException'{0x000000008eebc820}> (0x000000008eebc820) thrown at [./src/hotspot/share/prims/jni.cpp, line 615]
Event: 98.217 Thread 0x000002702b16f000 Exception <a 'sun/nio/fs/WindowsException'{0x000000008ed57978}> (0x000000008ed57978) thrown at [./src/hotspot/share/prims/jni.cpp, line 615]
Event: 98.217 Thread 0x000002702b16f000 Exception <a 'sun/nio/fs/WindowsException'{0x000000008ed58cf0}> (0x000000008ed58cf0) thrown at [./src/hotspot/share/prims/jni.cpp, line 615]
Event: 98.217 Thread 0x000002702b16f000 Exception <a 'sun/nio/fs/WindowsException'{0x000000008ed5a0b8}> (0x000000008ed5a0b8) thrown at [./src/hotspot/share/prims/jni.cpp, line 615]
Event: 98.217 Thread 0x000002702b16f000 Exception <a 'sun/nio/fs/WindowsException'{0x000000008ed5b480}> (0x000000008ed5b480) thrown at [./src/hotspot/share/prims/jni.cpp, line 615]
Event: 98.532 Thread 0x000002702b16f000 Exception <a 'sun/nio/fs/WindowsException'{0x000000008e8e9488}> (0x000000008e8e9488) thrown at [./src/hotspot/share/prims/jni.cpp, line 615]

Events (20 events):
Event: 100.859 Executing VM operation: RevokeBias done
Event: 100.859 Executing VM operation: RevokeBias
Event: 100.859 Executing VM operation: RevokeBias done
Event: 100.859 Executing VM operation: RevokeBias
Event: 100.859 Executing VM operation: RevokeBias done
Event: 100.859 Executing VM operation: RevokeBias
Event: 100.860 Executing VM operation: RevokeBias done
Event: 100.860 Executing VM operation: RevokeBias
Event: 100.860 Executing VM operation: RevokeBias done
Event: 100.862 Thread 0x000002702a742000 Thread added: 0x000002702a742000
Event: 100.882 Thread 0x0000027035667800 Thread added: 0x0000027035667800
Event: 100.895 Executing VM operation: RevokeBias
Event: 100.895 Executing VM operation: RevokeBias done
Event: 100.907 Thread 0x000002702a74c000 Thread added: 0x000002702a74c000
Event: 100.908 Executing VM operation: RevokeBias
Event: 100.911 Executing VM operation: RevokeBias done
Event: 100.911 Executing VM operation: RevokeBias
Event: 100.911 Executing VM operation: RevokeBias done
Event: 100.911 Executing VM operation: RevokeBias
Event: 100.912 Executing VM operation: RevokeBias done


Dynamic libraries:
0x00007ff60a520000 - 0x00007ff60a52a000 	D:\Android\Android Studio\jre\bin\java.exe
0x00007ff8c36f0000 - 0x00007ff8c38e5000 	C:\WINDOWS\SYSTEM32\ntdll.dll
0x00007ff8c1750000 - 0x00007ff8c180e000 	C:\WINDOWS\System32\KERNEL32.DLL
0x00007ff8c1480000 - 0x00007ff8c1748000 	C:\WINDOWS\System32\KERNELBASE.dll
0x00007ff8c0e10000 - 0x00007ff8c0f10000 	C:\WINDOWS\System32\ucrtbase.dll
0x00007ff8b8720000 - 0x00007ff8b8737000 	D:\Android\Android Studio\jre\bin\VCRUNTIME140.dll
0x00007ff8b1020000 - 0x00007ff8b1039000 	D:\Android\Android Studio\jre\bin\jli.dll
0x00007ff8c1cf0000 - 0x00007ff8c1e90000 	C:\WINDOWS\System32\USER32.dll
0x00007ff8c1150000 - 0x00007ff8c1172000 	C:\WINDOWS\System32\win32u.dll
0x00007ff8c2000000 - 0x00007ff8c202b000 	C:\WINDOWS\System32\GDI32.dll
0x00007ff8c1290000 - 0x00007ff8c139b000 	C:\WINDOWS\System32\gdi32full.dll
0x00007ff8c1180000 - 0x00007ff8c121d000 	C:\WINDOWS\System32\msvcp_win.dll
0x00007ff8a89b0000 - 0x00007ff8a8c4a000 	C:\WINDOWS\WinSxS\amd64_microsoft.windows.common-controls_6595b64144ccf1df_6.0.19041.1110_none_60b5254171f9507e\COMCTL32.dll
0x00007ff8c34b0000 - 0x00007ff8c354e000 	C:\WINDOWS\System32\msvcrt.dll
0x00007ff8c1cc0000 - 0x00007ff8c1cf0000 	C:\WINDOWS\System32\IMM32.DLL
0x00007ff898360000 - 0x00007ff8983fd000 	D:\Android\Android Studio\jre\bin\msvcp140.dll
0x00007ff8897c0000 - 0x00007ff88a295000 	D:\Android\Android Studio\jre\bin\server\jvm.dll
0x00007ff8c1870000 - 0x00007ff8c191e000 	C:\WINDOWS\System32\ADVAPI32.dll
0x00007ff8c1950000 - 0x00007ff8c19ec000 	C:\WINDOWS\System32\sechost.dll
0x00007ff8c3380000 - 0x00007ff8c34a5000 	C:\WINDOWS\System32\RPCRT4.dll
0x00007ff8c2510000 - 0x00007ff8c2518000 	C:\WINDOWS\System32\PSAPI.DLL
0x00007ff8adbe0000 - 0x00007ff8adbe9000 	C:\WINDOWS\SYSTEM32\WSOCK32.dll
0x00007ff8bc2c0000 - 0x00007ff8bc2ca000 	C:\WINDOWS\SYSTEM32\VERSION.dll
0x00007ff8c24a0000 - 0x00007ff8c250b000 	C:\WINDOWS\System32\WS2_32.dll
0x00007ff8b80f0000 - 0x00007ff8b8117000 	C:\WINDOWS\SYSTEM32\WINMM.dll
0x00007ff8bec60000 - 0x00007ff8bec72000 	C:\WINDOWS\SYSTEM32\kernel.appcore.dll
0x00007ff8965d0000 - 0x00007ff8965e1000 	D:\Android\Android Studio\jre\bin\verify.dll
0x00007ff8b9e40000 - 0x00007ff8ba024000 	C:\WINDOWS\SYSTEM32\DBGHELP.DLL
0x00007ff8ba0d0000 - 0x00007ff8ba0fc000 	C:\WINDOWS\SYSTEM32\dbgcore.DLL
0x00007ff8c0f10000 - 0x00007ff8c0f92000 	C:\WINDOWS\System32\bcryptPrimitives.dll
0x00007ff8965a0000 - 0x00007ff8965c9000 	D:\Android\Android Studio\jre\bin\java.dll
0x00007ff8b0a80000 - 0x00007ff8b0a8b000 	D:\Android\Android Studio\jre\bin\jimage.dll
0x00007ff896580000 - 0x00007ff896598000 	D:\Android\Android Studio\jre\bin\zip.dll
0x00007ff8c2a50000 - 0x00007ff8c3194000 	C:\WINDOWS\System32\SHELL32.dll
0x00007ff8bef40000 - 0x00007ff8bf6d4000 	C:\WINDOWS\SYSTEM32\windows.storage.dll
0x00007ff8c20e0000 - 0x00007ff8c2434000 	C:\WINDOWS\System32\combase.dll
0x00007ff8c0870000 - 0x00007ff8c089c000 	C:\WINDOWS\SYSTEM32\Wldp.dll
0x00007ff8c2030000 - 0x00007ff8c20dd000 	C:\WINDOWS\System32\SHCORE.dll
0x00007ff8c1810000 - 0x00007ff8c1865000 	C:\WINDOWS\System32\shlwapi.dll
0x00007ff8c0d50000 - 0x00007ff8c0d6f000 	C:\WINDOWS\SYSTEM32\profapi.dll
0x00007ff896560000 - 0x00007ff89657a000 	D:\Android\Android Studio\jre\bin\net.dll
0x00007ff8b9a00000 - 0x00007ff8b9b09000 	C:\WINDOWS\SYSTEM32\WINHTTP.dll
0x00007ff8c0560000 - 0x00007ff8c05ca000 	C:\WINDOWS\system32\mswsock.dll
0x00007ff894e70000 - 0x00007ff894e84000 	D:\Android\Android Studio\jre\bin\nio.dll
0x00007ff8a2500000 - 0x00007ff8a2527000 	C:\Users\user\.gradle\native\e1d6ef7f7dcc3fd88c89a11ec53ec762bb8ba0a96d01ffa2cd45eb1d1d8dd5c5\windows-amd64\native-platform.dll
0x00007ff8a9cd0000 - 0x00007ff8a9e14000 	C:\Users\user\.gradle\native\5664cfc778a61ccfe75a443a1ab52a65af34e5dc3c78e0209fed803814484fcb\windows-amd64\native-platform-file-events.dll
0x00007ff8ac3b0000 - 0x00007ff8ac3ba000 	D:\Android\Android Studio\jre\bin\management.dll
0x00007ff8abda0000 - 0x00007ff8abdad000 	D:\Android\Android Studio\jre\bin\management_ext.dll
0x00007ff8c0780000 - 0x00007ff8c0798000 	C:\WINDOWS\SYSTEM32\CRYPTSP.dll
0x00007ff8bfe80000 - 0x00007ff8bfeb4000 	C:\WINDOWS\system32\rsaenh.dll
0x00007ff8c13a0000 - 0x00007ff8c13c7000 	C:\WINDOWS\System32\bcrypt.dll
0x00007ff8c0cd0000 - 0x00007ff8c0cfe000 	C:\WINDOWS\SYSTEM32\USERENV.dll
0x00007ff8c0770000 - 0x00007ff8c077c000 	C:\WINDOWS\SYSTEM32\CRYPTBASE.dll
0x00007ff8c0250000 - 0x00007ff8c028b000 	C:\WINDOWS\SYSTEM32\IPHLPAPI.DLL
0x00007ff8c1e90000 - 0x00007ff8c1e98000 	C:\WINDOWS\System32\NSI.dll
0x00007ff8bc250000 - 0x00007ff8bc267000 	C:\WINDOWS\SYSTEM32\dhcpcsvc6.DLL
0x00007ff8bc070000 - 0x00007ff8bc08d000 	C:\WINDOWS\SYSTEM32\dhcpcsvc.DLL
0x00007ff8c02a0000 - 0x00007ff8c036a000 	C:\WINDOWS\SYSTEM32\DNSAPI.dll
0x00007ff8bfb10000 - 0x00007ff8bfb43000 	C:\WINDOWS\SYSTEM32\ntmarta.dll
0x00007ff8af630000 - 0x00007ff8af64e000 	C:\Users\user\AppData\Local\Temp\native-platform1407315413890598173dir\native-platform.dll

dbghelp: loaded successfully - version: 4.0.5 - missing functions: none
symbol engine: initialized successfully - sym options: 0x614 - pdb path: .;D:\Android\Android Studio\jre\bin;C:\WINDOWS\SYSTEM32;C:\WINDOWS\WinSxS\amd64_microsoft.windows.common-controls_6595b64144ccf1df_6.0.19041.1110_none_60b5254171f9507e;D:\Android\Android Studio\jre\bin\server;C:\Users\user\.gradle\native\e1d6ef7f7dcc3fd88c89a11ec53ec762bb8ba0a96d01ffa2cd45eb1d1d8dd5c5\windows-amd64;C:\Users\user\.gradle\native\5664cfc778a61ccfe75a443a1ab52a65af34e5dc3c78e0209fed803814484fcb\windows-amd64;C:\Users\user\AppData\Local\Temp\native-platform1407315413890598173dir

VM Arguments:
jvm_args: --add-opens=java.base/java.util=ALL-UNNAMED --add-opens=java.base/java.lang=ALL-UNNAMED --add-opens=java.base/java.lang.invoke=ALL-UNNAMED --add-opens=java.base/java.util=ALL-UNNAMED --add-opens=java.prefs/java.util.prefs=ALL-UNNAMED --add-opens=java.prefs/java.util.prefs=ALL-UNNAMED --add-opens=java.base/java.nio.charset=ALL-UNNAMED --add-opens=java.base/java.net=ALL-UNNAMED --add-opens=java.base/java.util.concurrent.atomic=ALL-UNNAMED -Xmx2048m -Dfile.encoding=UTF-8 -Duser.country=KR -Duser.language=ko -Duser.variant 
java_command: org.gradle.launcher.daemon.bootstrap.GradleDaemon 7.2
java_class_path (initial): C:\Users\user\.gradle\wrapper\dists\gradle-7.2-bin\2dnblmf4td7x66yl1d74lt32g\gradle-7.2\lib\gradle-launcher-7.2.jar
Launcher Type: SUN_STANDARD

[Global flags]
     intx CICompilerCount                          = 3                                         {product} {ergonomic}
     uint ConcGCThreads                            = 1                                         {product} {ergonomic}
     uint G1ConcRefinementThreads                  = 4                                         {product} {ergonomic}
   size_t G1HeapRegionSize                         = 1048576                                   {product} {ergonomic}
    uintx GCDrainStackTargetSize                   = 64                                        {product} {ergonomic}
   size_t InitialHeapSize                          = 268435456                                 {product} {ergonomic}
   size_t MarkStackSize                            = 4194304                                   {product} {ergonomic}
   size_t MaxHeapSize                              = 2147483648                                {product} {command line}
   size_t MaxNewSize                               = 1287651328                                {product} {ergonomic}
   size_t MinHeapDeltaBytes                        = 1048576                                   {product} {ergonomic}
    uintx NonNMethodCodeHeapSize                   = 5830732                                {pd product} {ergonomic}
    uintx NonProfiledCodeHeapSize                  = 122913754                              {pd product} {ergonomic}
    uintx ProfiledCodeHeapSize                     = 122913754                              {pd product} {ergonomic}
    uintx ReservedCodeCacheSize                    = 251658240                              {pd product} {ergonomic}
     bool SegmentedCodeCache                       = true                                      {product} {ergonomic}
     bool UseCompressedClassPointers               = true                                 {lp64_product} {ergonomic}
     bool UseCompressedOops                        = true                                 {lp64_product} {ergonomic}
     bool UseG1GC                                  = true                                      {product} {ergonomic}
     bool UseLargePagesIndividualAllocation        = false                                  {pd product} {ergonomic}

Logging:
Log output configuration:
 #0: stdout all=warning uptime,level,tags
 #1: stderr all=off uptime,level,tags

Environment Variables:
JAVA_HOME=C:\Program Files\Java\jdk-16.0.1
PATH=C:\Users\user\AppData\Local\Android\Sdk\platform-tools;C:\Users\user\AppData\Local\Android\Sdk\tools;C:\Users\user\AppData\Local\Android\Sdk\tools\bin;C:\Program Files\Git\bin;C:\Program Files\Git\cmd;C:\Program Files\Git\bin\git.exe;C:\src\flutter\bin;C:\Windows\System32;C:\Windows\System32\WindowsPowerShell\v1.0;C:\Users\user\AppData\Local\Microsoft\WindowsApps;C:\Users\user\AppData\Local\afreeca;C:\Users\user\AppData\Local\Programs\Microsoft VS Code\bin
USERNAME=user
OS=Windows_NT
PROCESSOR_IDENTIFIER=Intel64 Family 6 Model 94 Stepping 3, GenuineIntel



---------------  S Y S T E M  ---------------

OS: Windows 10 , 64 bit Build 19041 (10.0.19041.1566)
OS uptime: 0 days 4:55 hours

CPU:total 4 (initial active 4) (4 cores per cpu, 1 threads per core) family 6 model 94 stepping 3 microcode 0xcc, cmov, cx8, fxsr, mmx, sse, sse2, sse3, ssse3, sse4.1, sse4.2, popcnt, avx, avx2, aes, clmul, erms, rtm, 3dnowpref, lzcnt, tsc, tscinvbit, bmi1, bmi2, adx, fma

Memory: 4k page, system-wide physical 16304M (2194M free)
TotalPageFile size 16304M (AvailPageFile size 12M)
current process WorkingSet (physical memory assigned to process): 572M, peak: 574M
current process commit charge ("private bytes"): 603M, peak: 604M

vm_info: OpenJDK 64-Bit Server VM (11.0.11+9-b60-7590822) for windows-amd64 JRE (11.0.11+9-b60-7590822), built on Jul 29 2021 21:43:44 by "builder" with MS VC++ 14.0 (VS2015)

END.
